<?xml version="1.0" encoding="UTF-8"?>
<coverage generated="1717599629997" clover="3.2.0">
  <project timestamp="1717599629997" name="All files">
    <metrics statements="263" coveredstatements="236" conditionals="18" coveredconditionals="15" methods="42" coveredmethods="37" elements="323" coveredelements="288" complexity="0" loc="263" ncloc="263" packages="1" files="5" classes="5"/>
    <file name="folder.tsx" path="C:\Users\Dell\VSCode Projects\csc308\ImmaculateInventors\express-backend\models\folder.tsx">
      <metrics statements="5" coveredstatements="5" conditionals="0" coveredconditionals="0" methods="0" coveredmethods="0"/>
      <line num="1" count="2" type="stmt"/>
      <line num="3" count="2" type="stmt"/>
      <line num="29" count="2" type="stmt"/>
      <line num="31" count="2" type="stmt"/>
      <line num="32" count="2" type="stmt"/>
    </file>
    <file name="item-services.tsx" path="C:\Users\Dell\VSCode Projects\csc308\ImmaculateInventors\express-backend\models\item-services.tsx">
      <metrics statements="69" coveredstatements="69" conditionals="3" coveredconditionals="3" methods="12" coveredmethods="12"/>
      <line num="1" count="2" type="stmt"/>
      <line num="2" count="2" type="stmt"/>
      <line num="3" count="2" type="stmt"/>
      <line num="4" count="2" type="stmt"/>
      <line num="5" count="2" type="stmt"/>
      <line num="6" count="2" type="stmt"/>
      <line num="7" count="2" type="stmt"/>
      <line num="12" count="2" type="stmt"/>
      <line num="13" count="2" type="stmt"/>
      <line num="17" count="19" type="cond" truecount="1" falsecount="0"/>
      <line num="18" count="1" type="stmt"/>
      <line num="26" count="19" type="stmt"/>
      <line num="30" count="2" type="stmt"/>
      <line num="31" count="2" type="stmt"/>
      <line num="37" count="1" type="stmt"/>
      <line num="38" count="1" type="stmt"/>
      <line num="42" count="1" type="stmt"/>
      <line num="43" count="1" type="stmt"/>
      <line num="44" count="1" type="stmt"/>
      <line num="48" count="1" type="stmt"/>
      <line num="49" count="1" type="stmt"/>
      <line num="53" count="1" type="stmt"/>
      <line num="54" count="1" type="stmt"/>
      <line num="55" count="1" type="stmt"/>
      <line num="56" count="1" type="stmt"/>
      <line num="57" count="1" type="stmt"/>
      <line num="58" count="1" type="stmt"/>
      <line num="59" count="1" type="stmt"/>
      <line num="62" count="1" type="stmt"/>
      <line num="65" count="1" type="stmt"/>
      <line num="66" count="1" type="stmt"/>
      <line num="77" count="1" type="stmt"/>
      <line num="78" count="1" type="stmt"/>
      <line num="84" count="1" type="stmt"/>
      <line num="85" count="1" type="stmt"/>
      <line num="89" count="2" type="stmt"/>
      <line num="90" count="2" type="stmt"/>
      <line num="91" count="2" type="stmt"/>
      <line num="92" count="2" type="stmt"/>
      <line num="93" count="2" type="stmt"/>
      <line num="94" count="2" type="stmt"/>
      <line num="95" count="2" type="stmt"/>
      <line num="98" count="2" type="stmt"/>
      <line num="101" count="2" type="stmt"/>
      <line num="105" count="1" type="stmt"/>
      <line num="106" count="1" type="stmt"/>
      <line num="109" count="1" type="stmt"/>
      <line num="113" count="1" type="stmt"/>
      <line num="114" count="1" type="stmt"/>
      <line num="117" count="1" type="stmt"/>
      <line num="121" count="2" type="stmt"/>
      <line num="122" count="2" type="stmt"/>
      <line num="123" count="2" type="cond" truecount="2" falsecount="0"/>
      <line num="124" count="1" type="stmt"/>
      <line num="126" count="1" type="stmt"/>
      <line num="129" count="1" type="stmt"/>
      <line num="131" count="1" type="stmt"/>
      <line num="134" count="2" type="stmt"/>
      <line num="135" count="2" type="stmt"/>
      <line num="136" count="2" type="stmt"/>
      <line num="137" count="2" type="stmt"/>
      <line num="138" count="2" type="stmt"/>
      <line num="139" count="2" type="stmt"/>
      <line num="140" count="2" type="stmt"/>
      <line num="141" count="2" type="stmt"/>
      <line num="142" count="2" type="stmt"/>
      <line num="143" count="2" type="stmt"/>
      <line num="144" count="2" type="stmt"/>
      <line num="145" count="2" type="stmt"/>
    </file>
    <file name="item.tsx" path="C:\Users\Dell\VSCode Projects\csc308\ImmaculateInventors\express-backend\models\item.tsx">
      <metrics statements="5" coveredstatements="5" conditionals="0" coveredconditionals="0" methods="0" coveredmethods="0"/>
      <line num="1" count="2" type="stmt"/>
      <line num="3" count="2" type="stmt"/>
      <line num="44" count="2" type="stmt"/>
      <line num="46" count="2" type="stmt"/>
      <line num="47" count="2" type="stmt"/>
    </file>
    <file name="user-services.tsx" path="C:\Users\Dell\VSCode Projects\csc308\ImmaculateInventors\express-backend\models\user-services.tsx">
      <metrics statements="165" coveredstatements="139" conditionals="14" coveredconditionals="12" methods="27" coveredmethods="22"/>
      <line num="1" count="1" type="stmt"/>
      <line num="2" count="1" type="stmt"/>
      <line num="3" count="1" type="stmt"/>
      <line num="4" count="1" type="stmt"/>
      <line num="5" count="1" type="stmt"/>
      <line num="6" count="1" type="stmt"/>
      <line num="7" count="1" type="stmt"/>
      <line num="9" count="1" type="stmt"/>
      <line num="13" count="2" type="stmt"/>
      <line num="14" count="2" type="stmt"/>
      <line num="18" count="43" type="cond" truecount="1" falsecount="0"/>
      <line num="19" count="1" type="stmt"/>
      <line num="24" count="43" type="stmt"/>
      <line num="27" count="1" type="stmt"/>
      <line num="33" count="1" type="stmt"/>
      <line num="34" count="1" type="stmt"/>
      <line num="38" count="1" type="stmt"/>
      <line num="39" count="1" type="stmt"/>
      <line num="41" count="0" type="stmt"/>
      <line num="42" count="0" type="stmt"/>
      <line num="47" count="1" type="stmt"/>
      <line num="48" count="1" type="stmt"/>
      <line num="49" count="1" type="stmt"/>
      <line num="53" count="1" type="stmt"/>
      <line num="54" count="1" type="stmt"/>
      <line num="55" count="1" type="stmt"/>
      <line num="56" count="1" type="stmt"/>
      <line num="61" count="1" type="stmt"/>
      <line num="62" count="1" type="stmt"/>
      <line num="65" count="1" type="stmt"/>
      <line num="69" count="1" type="stmt"/>
      <line num="70" count="1" type="stmt"/>
      <line num="71" count="1" type="stmt"/>
      <line num="72" count="1" type="stmt"/>
      <line num="73" count="1" type="stmt"/>
      <line num="77" count="0" type="stmt"/>
      <line num="78" count="0" type="stmt"/>
      <line num="81" count="0" type="stmt"/>
      <line num="85" count="1" type="stmt"/>
      <line num="86" count="1" type="stmt"/>
      <line num="87" count="1" type="stmt"/>
      <line num="88" count="1" type="stmt"/>
      <line num="89" count="1" type="stmt"/>
      <line num="92" count="1" type="stmt"/>
      <line num="93" count="1" type="stmt"/>
      <line num="109" count="1" type="stmt"/>
      <line num="110" count="1" type="stmt"/>
      <line num="111" count="1" type="stmt"/>
      <line num="117" count="1" type="stmt"/>
      <line num="122" count="1" type="stmt"/>
      <line num="126" count="1" type="stmt"/>
      <line num="127" count="1" type="stmt"/>
      <line num="128" count="1" type="stmt"/>
      <line num="129" count="1" type="stmt"/>
      <line num="132" count="1" type="stmt"/>
      <line num="137" count="1" type="stmt"/>
      <line num="141" count="1" type="stmt"/>
      <line num="142" count="1" type="stmt"/>
      <line num="147" count="1" type="stmt"/>
      <line num="152" count="3" type="stmt"/>
      <line num="153" count="3" type="stmt"/>
      <line num="154" count="3" type="stmt"/>
      <line num="155" count="3" type="stmt"/>
      <line num="156" count="1" type="stmt"/>
      <line num="158" count="2" type="cond" truecount="1" falsecount="1"/>
      <line num="159" count="2" type="cond" truecount="2" falsecount="0"/>
      <line num="162" count="2" type="stmt"/>
      <line num="163" count="2" type="stmt"/>
      <line num="165" count="0" type="stmt"/>
      <line num="166" count="0" type="stmt"/>
      <line num="172" count="2" type="stmt"/>
      <line num="173" count="1" type="stmt"/>
      <line num="174" count="1" type="stmt"/>
      <line num="175" count="1" type="stmt"/>
      <line num="177" count="0" type="stmt"/>
      <line num="178" count="0" type="stmt"/>
      <line num="183" count="5" type="stmt"/>
      <line num="184" count="5" type="stmt"/>
      <line num="187" count="5" type="stmt"/>
      <line num="189" count="5" type="stmt"/>
      <line num="190" count="5" type="cond" truecount="1" falsecount="0"/>
      <line num="191" count="5" type="stmt"/>
      <line num="192" count="5" type="cond" truecount="1" falsecount="0"/>
      <line num="195" count="5" type="stmt"/>
      <line num="198" count="5" type="stmt"/>
      <line num="202" count="1" type="stmt"/>
      <line num="203" count="1" type="stmt"/>
      <line num="204" count="1" type="stmt"/>
      <line num="205" count="1" type="stmt"/>
      <line num="206" count="1" type="stmt"/>
      <line num="210" count="1" type="stmt"/>
      <line num="211" count="1" type="stmt"/>
      <line num="212" count="1" type="cond" truecount="1" falsecount="0"/>
      <line num="213" count="1" type="stmt"/>
      <line num="214" count="1" type="cond" truecount="1" falsecount="0"/>
      <line num="215" count="1" type="stmt"/>
      <line num="218" count="1" type="stmt"/>
      <line num="227" count="2" type="stmt"/>
      <line num="228" count="2" type="stmt"/>
      <line num="229" count="2" type="stmt"/>
      <line num="230" count="2" type="cond" truecount="2" falsecount="0"/>
      <line num="231" count="1" type="stmt"/>
      <line num="234" count="1" type="stmt"/>
      <line num="236" count="1" type="stmt"/>
      <line num="237" count="1" type="cond" truecount="1" falsecount="1"/>
      <line num="238" count="0" type="stmt"/>
      <line num="241" count="0" type="stmt"/>
      <line num="242" count="0" type="stmt"/>
      <line num="244" count="1" type="stmt"/>
      <line num="247" count="1" type="stmt"/>
      <line num="253" count="2" type="stmt"/>
      <line num="254" count="2" type="stmt"/>
      <line num="255" count="2" type="stmt"/>
      <line num="259" count="0" type="stmt"/>
      <line num="260" count="0" type="stmt"/>
      <line num="264" count="0" type="stmt"/>
      <line num="268" count="1" type="stmt"/>
      <line num="269" count="1" type="stmt"/>
      <line num="270" count="1" type="cond" truecount="1" falsecount="0"/>
      <line num="272" count="0" type="stmt"/>
      <line num="273" count="0" type="stmt"/>
      <line num="278" count="2" type="stmt"/>
      <line num="279" count="1" type="stmt"/>
      <line num="282" count="1" type="stmt"/>
      <line num="286" count="1" type="stmt"/>
      <line num="287" count="1" type="stmt"/>
      <line num="290" count="1" type="stmt"/>
      <line num="294" count="1" type="stmt"/>
      <line num="295" count="1" type="stmt"/>
      <line num="296" count="1" type="stmt"/>
      <line num="300" count="0" type="stmt"/>
      <line num="301" count="0" type="stmt"/>
      <line num="302" count="0" type="stmt"/>
      <line num="306" count="0" type="stmt"/>
      <line num="307" count="0" type="stmt"/>
      <line num="308" count="0" type="stmt"/>
      <line num="312" count="0" type="stmt"/>
      <line num="313" count="0" type="stmt"/>
      <line num="314" count="0" type="stmt"/>
      <line num="317" count="1" type="stmt"/>
      <line num="318" count="1" type="stmt"/>
      <line num="319" count="1" type="stmt"/>
      <line num="320" count="1" type="stmt"/>
      <line num="321" count="1" type="stmt"/>
      <line num="322" count="1" type="stmt"/>
      <line num="323" count="1" type="stmt"/>
      <line num="324" count="1" type="stmt"/>
      <line num="325" count="1" type="stmt"/>
      <line num="326" count="1" type="stmt"/>
      <line num="327" count="1" type="stmt"/>
      <line num="328" count="1" type="stmt"/>
      <line num="329" count="1" type="stmt"/>
      <line num="330" count="1" type="stmt"/>
      <line num="331" count="1" type="stmt"/>
      <line num="332" count="1" type="stmt"/>
      <line num="333" count="1" type="stmt"/>
      <line num="334" count="1" type="stmt"/>
      <line num="335" count="1" type="stmt"/>
      <line num="336" count="1" type="stmt"/>
      <line num="337" count="1" type="stmt"/>
      <line num="338" count="1" type="stmt"/>
      <line num="339" count="1" type="stmt"/>
      <line num="340" count="1" type="stmt"/>
      <line num="341" count="1" type="stmt"/>
      <line num="342" count="1" type="stmt"/>
    </file>
    <file name="user.tsx" path="C:\Users\Dell\VSCode Projects\csc308\ImmaculateInventors\express-backend\models\user.tsx">
      <metrics statements="19" coveredstatements="18" conditionals="1" coveredconditionals="0" methods="3" coveredmethods="3"/>
      <line num="2" count="2" type="stmt"/>
      <line num="3" count="2" type="stmt"/>
      <line num="5" count="2" type="stmt"/>
      <line num="6" count="2" type="stmt"/>
      <line num="9" count="2" type="stmt"/>
      <line num="58" count="25" type="stmt"/>
      <line num="59" count="25" type="stmt"/>
      <line num="62" count="3" type="stmt"/>
      <line num="88" count="2" type="stmt"/>
      <line num="90" count="21" type="cond" truecount="0" falsecount="1"/>
      <line num="92" count="21" type="stmt"/>
      <line num="93" count="21" type="stmt"/>
      <line num="94" count="21" type="stmt"/>
      <line num="95" count="21" type="stmt"/>
      <line num="96" count="21" type="stmt"/>
      <line num="98" count="0" type="stmt"/>
      <line num="102" count="2" type="stmt"/>
      <line num="104" count="2" type="stmt"/>
      <line num="105" count="2" type="stmt"/>
    </file>
  </project>
</coverage>
