{
	"C:\\Users\\adamt\\OneDrive\\Documents\\Cal Poly SLO\\CSC 308\\ImmaculateInventors\\express-backend\\models\\folder.tsx": {
		"path": "C:\\Users\\adamt\\OneDrive\\Documents\\Cal Poly SLO\\CSC 308\\ImmaculateInventors\\express-backend\\models\\folder.tsx",
		"statementMap": {
			"0": {
				"start": { "line": 1, "column": 0 },
				"end": { "line": 1, "column": 32 }
			},
			"1": {
				"start": { "line": 3, "column": 21 },
				"end": { "line": 26, "column": null }
			},
			"2": {
				"start": { "line": 29, "column": 15 },
				"end": { "line": 29, "column": 53 }
			},
			"3": {
				"start": { "line": 31, "column": 0 },
				"end": { "line": 31, "column": 24 }
			},
			"4": {
				"start": { "line": 32, "column": 0 },
				"end": { "line": 32, "column": 30 }
			}
		},
		"fnMap": {},
		"branchMap": {},
		"s": { "0": 2, "1": 2, "2": 2, "3": 2, "4": 2 },
		"f": {},
		"b": {}
	},
	"C:\\Users\\adamt\\OneDrive\\Documents\\Cal Poly SLO\\CSC 308\\ImmaculateInventors\\express-backend\\models\\item-services.tsx": {
		"path": "C:\\Users\\adamt\\OneDrive\\Documents\\Cal Poly SLO\\CSC 308\\ImmaculateInventors\\express-backend\\models\\item-services.tsx",
		"statementMap": {
			"0": {
				"start": { "line": 1, "column": 19 },
				"end": { "line": 1, "column": 40 }
			},
			"1": {
				"start": { "line": 2, "column": 19 },
				"end": { "line": 2, "column": 40 }
			},
			"2": {
				"start": { "line": 3, "column": 21 },
				"end": { "line": 3, "column": 44 }
			},
			"3": {
				"start": { "line": 4, "column": 17 },
				"end": { "line": 4, "column": 36 }
			},
			"4": {
				"start": { "line": 5, "column": 15 },
				"end": { "line": 5, "column": 32 }
			},
			"5": {
				"start": { "line": 6, "column": 13 },
				"end": { "line": 6, "column": 56 }
			},
			"6": {
				"start": { "line": 7, "column": 0 },
				"end": { "line": 7, "column": 16 }
			},
			"7": {
				"start": { "line": 12, "column": 1 },
				"end": { "line": 12, "column": 24 }
			},
			"8": {
				"start": { "line": 13, "column": 1 },
				"end": { "line": 13, "column": 21 }
			},
			"9": {
				"start": { "line": 17, "column": 1 },
				"end": { "line": 22, "column": 2 }
			},
			"10": {
				"start": { "line": 18, "column": 2 },
				"end": { "line": 21, "column": 5 }
			},
			"11": {
				"start": { "line": 23, "column": 1 },
				"end": { "line": 23, "column": 21 }
			},
			"12": {
				"start": { "line": 26, "column": 12 },
				"end": { "line": 26, "column": 34 }
			},
			"13": {
				"start": { "line": 27, "column": 0 },
				"end": { "line": 30, "column": 3 }
			},
			"14": {
				"start": { "line": 33, "column": 19 },
				"end": { "line": 33, "column": 62 }
			},
			"15": {
				"start": { "line": 34, "column": 1 },
				"end": { "line": 34, "column": 31 }
			},
			"16": {
				"start": { "line": 38, "column": 19 },
				"end": { "line": 38, "column": 62 }
			},
			"17": {
				"start": { "line": 39, "column": 14 },
				"end": { "line": 39, "column": 42 }
			},
			"18": {
				"start": { "line": 40, "column": 1 },
				"end": { "line": 40, "column": 20 }
			},
			"19": {
				"start": { "line": 44, "column": 19 },
				"end": { "line": 44, "column": 62 }
			},
			"20": {
				"start": { "line": 45, "column": 1 },
				"end": { "line": 45, "column": 49 }
			},
			"21": {
				"start": { "line": 49, "column": 19 },
				"end": { "line": 49, "column": 62 }
			},
			"22": {
				"start": { "line": 50, "column": 19 },
				"end": { "line": 50, "column": 62 }
			},
			"23": {
				"start": { "line": 51, "column": 21 },
				"end": { "line": 51, "column": 68 }
			},
			"24": {
				"start": { "line": 52, "column": 19 },
				"end": { "line": 52, "column": 38 }
			},
			"25": {
				"start": { "line": 53, "column": 19 },
				"end": { "line": 53, "column": 41 }
			},
			"26": {
				"start": { "line": 54, "column": 16 },
				"end": { "line": 54, "column": 60 }
			},
			"27": {
				"start": { "line": 55, "column": 1 },
				"end": { "line": 57, "column": 4 }
			},
			"28": {
				"start": { "line": 58, "column": 1 },
				"end": { "line": 60, "column": 4 }
			},
			"29": {
				"start": { "line": 61, "column": 1 },
				"end": { "line": 61, "column": 77 }
			},
			"30": {
				"start": { "line": 62, "column": 1 },
				"end": { "line": 62, "column": 18 }
			},
			"31": {
				"start": { "line": 73, "column": 19 },
				"end": { "line": 73, "column": 62 }
			},
			"32": {
				"start": { "line": 74, "column": 1 },
				"end": { "line": 74, "column": 58 }
			},
			"33": {
				"start": { "line": 80, "column": 19 },
				"end": { "line": 80, "column": 62 }
			},
			"34": {
				"start": { "line": 81, "column": 1 },
				"end": { "line": 81, "column": 37 }
			},
			"35": {
				"start": { "line": 85, "column": 19 },
				"end": { "line": 85, "column": 62 }
			},
			"36": {
				"start": { "line": 86, "column": 19 },
				"end": { "line": 86, "column": 62 }
			},
			"37": {
				"start": { "line": 87, "column": 21 },
				"end": { "line": 87, "column": 68 }
			},
			"38": {
				"start": { "line": 88, "column": 14 },
				"end": { "line": 88, "column": 42 }
			},
			"39": {
				"start": { "line": 89, "column": 16 },
				"end": { "line": 89, "column": 55 }
			},
			"40": {
				"start": { "line": 90, "column": 14 },
				"end": { "line": 90, "column": 51 }
			},
			"41": {
				"start": { "line": 91, "column": 1 },
				"end": { "line": 93, "column": 4 }
			},
			"42": {
				"start": { "line": 94, "column": 1 },
				"end": { "line": 96, "column": 4 }
			},
			"43": {
				"start": { "line": 97, "column": 1 },
				"end": { "line": 97, "column": 46 }
			},
			"44": {
				"start": { "line": 101, "column": 19 },
				"end": { "line": 101, "column": 62 }
			},
			"45": {
				"start": { "line": 102, "column": 21 },
				"end": { "line": 104, "column": 3 }
			},
			"46": {
				"start": { "line": 105, "column": 1 },
				"end": { "line": 105, "column": 20 }
			},
			"47": {
				"start": { "line": 109, "column": 19 },
				"end": { "line": 109, "column": 62 }
			},
			"48": {
				"start": { "line": 110, "column": 1 },
				"end": { "line": 112, "column": 4 }
			},
			"49": {
				"start": { "line": 113, "column": 1 },
				"end": { "line": 113, "column": 37 }
			},
			"50": {
				"start": { "line": 117, "column": 19 },
				"end": { "line": 117, "column": 62 }
			},
			"51": {
				"start": { "line": 118, "column": 14 },
				"end": { "line": 118, "column": 42 }
			},
			"52": {
				"start": { "line": 119, "column": 1 },
				"end": { "line": 126, "column": 2 }
			},
			"53": {
				"start": { "line": 120, "column": 2 },
				"end": { "line": 120, "column": 23 }
			},
			"54": {
				"start": { "line": 122, "column": 2 },
				"end": { "line": 124, "column": 5 }
			},
			"55": {
				"start": { "line": 125, "column": 2 },
				"end": { "line": 125, "column": 38 }
			},
			"56": {
				"start": { "line": 127, "column": 1 },
				"end": { "line": 127, "column": 13 }
			},
			"57": {
				"start": { "line": 130, "column": 0 },
				"end": { "line": 130, "column": 28 }
			},
			"58": {
				"start": { "line": 131, "column": 0 },
				"end": { "line": 131, "column": 40 }
			},
			"59": {
				"start": { "line": 132, "column": 0 },
				"end": { "line": 132, "column": 36 }
			},
			"60": {
				"start": { "line": 133, "column": 0 },
				"end": { "line": 133, "column": 26 }
			},
			"61": {
				"start": { "line": 134, "column": 0 },
				"end": { "line": 134, "column": 32 }
			},
			"62": {
				"start": { "line": 135, "column": 0 },
				"end": { "line": 135, "column": 44 }
			},
			"63": {
				"start": { "line": 136, "column": 0 },
				"end": { "line": 136, "column": 32 }
			},
			"64": {
				"start": { "line": 137, "column": 0 },
				"end": { "line": 137, "column": 30 }
			},
			"65": {
				"start": { "line": 138, "column": 0 },
				"end": { "line": 138, "column": 34 }
			},
			"66": {
				"start": { "line": 139, "column": 0 },
				"end": { "line": 139, "column": 34 }
			},
			"67": {
				"start": { "line": 140, "column": 0 },
				"end": { "line": 140, "column": 38 }
			},
			"68": {
				"start": { "line": 141, "column": 0 },
				"end": { "line": 141, "column": 42 }
			}
		},
		"fnMap": {
			"0": {
				"name": "setConnection",
				"decl": {
					"start": { "line": 11, "column": 9 },
					"end": { "line": 11, "column": 22 }
				},
				"loc": {
					"start": { "line": 11, "column": 35 },
					"end": { "line": 14, "column": 1 }
				}
			},
			"1": {
				"name": "getDbConnection",
				"decl": {
					"start": { "line": 16, "column": 9 },
					"end": { "line": 16, "column": 24 }
				},
				"loc": {
					"start": { "line": 16, "column": 24 },
					"end": { "line": 24, "column": 1 }
				}
			},
			"2": {
				"name": "getItems",
				"decl": {
					"start": { "line": 32, "column": 15 },
					"end": { "line": 32, "column": 23 }
				},
				"loc": {
					"start": { "line": 32, "column": 23 },
					"end": { "line": 35, "column": null }
				}
			},
			"3": {
				"name": "getUserId",
				"decl": {
					"start": { "line": 37, "column": 15 },
					"end": { "line": 37, "column": 24 }
				},
				"loc": {
					"start": { "line": 37, "column": 32 },
					"end": { "line": 41, "column": null }
				}
			},
			"4": {
				"name": "getItemsFromUser",
				"decl": {
					"start": { "line": 43, "column": 15 },
					"end": { "line": 43, "column": 31 }
				},
				"loc": {
					"start": { "line": 43, "column": 43 },
					"end": { "line": 46, "column": null }
				}
			},
			"5": {
				"name": "addItem",
				"decl": {
					"start": { "line": 48, "column": 15 },
					"end": { "line": 48, "column": 22 }
				},
				"loc": {
					"start": { "line": 48, "column": 32 },
					"end": { "line": 63, "column": null }
				}
			},
			"6": {
				"name": "findItemByName",
				"decl": {
					"start": { "line": 65, "column": 15 },
					"end": { "line": 65, "column": 29 }
				},
				"loc": {
					"start": { "line": 65, "column": 49 },
					"end": { "line": 77, "column": null }
				}
			},
			"7": {
				"name": "findItemById",
				"decl": {
					"start": { "line": 79, "column": 15 },
					"end": { "line": 79, "column": 27 }
				},
				"loc": {
					"start": { "line": 79, "column": 35 },
					"end": { "line": 82, "column": null }
				}
			},
			"8": {
				"name": "deleteItem",
				"decl": {
					"start": { "line": 84, "column": 15 },
					"end": { "line": 84, "column": 25 }
				},
				"loc": {
					"start": { "line": 84, "column": 33 },
					"end": { "line": 98, "column": null }
				}
			},
			"9": {
				"name": "updateItem",
				"decl": {
					"start": { "line": 100, "column": 15 },
					"end": { "line": 100, "column": 25 }
				},
				"loc": {
					"start": { "line": 100, "column": 47 },
					"end": { "line": 106, "column": null }
				}
			},
			"10": {
				"name": "incQuantity",
				"decl": {
					"start": { "line": 108, "column": 15 },
					"end": { "line": 108, "column": 26 }
				},
				"loc": {
					"start": { "line": 108, "column": 49 },
					"end": { "line": 114, "column": null }
				}
			},
			"11": {
				"name": "decQuantity",
				"decl": {
					"start": { "line": 116, "column": 15 },
					"end": { "line": 116, "column": 26 }
				},
				"loc": {
					"start": { "line": 116, "column": 49 },
					"end": { "line": 128, "column": null }
				}
			}
		},
		"branchMap": {
			"0": {
				"loc": {
					"start": { "line": 17, "column": 1 },
					"end": { "line": 22, "column": 2 }
				},
				"type": "if",
				"locations": [
					{
						"start": { "line": 17, "column": 1 },
						"end": { "line": 22, "column": 2 }
					}
				]
			},
			"1": {
				"loc": {
					"start": { "line": 119, "column": 1 },
					"end": { "line": 126, "column": 2 }
				},
				"type": "if",
				"locations": [
					{
						"start": { "line": 119, "column": 1 },
						"end": { "line": 126, "column": 2 }
					},
					{
						"start": { "line": 121, "column": 8 },
						"end": { "line": 126, "column": 2 }
					}
				]
			}
		},
		"s": {
			"0": 2,
			"1": 2,
			"2": 2,
			"3": 2,
			"4": 2,
			"5": 2,
			"6": 2,
			"7": 2,
			"8": 2,
			"9": 19,
			"10": 1,
			"11": 19,
			"12": 2,
			"13": 2,
			"14": 1,
			"15": 1,
			"16": 1,
			"17": 1,
			"18": 1,
			"19": 1,
			"20": 1,
			"21": 1,
			"22": 1,
			"23": 1,
			"24": 1,
			"25": 1,
			"26": 1,
			"27": 1,
			"28": 1,
			"29": 1,
			"30": 1,
			"31": 1,
			"32": 1,
			"33": 1,
			"34": 1,
			"35": 2,
			"36": 2,
			"37": 2,
			"38": 2,
			"39": 2,
			"40": 2,
			"41": 2,
			"42": 2,
			"43": 2,
			"44": 1,
			"45": 1,
			"46": 1,
			"47": 1,
			"48": 1,
			"49": 1,
			"50": 2,
			"51": 2,
			"52": 2,
			"53": 1,
			"54": 1,
			"55": 1,
			"56": 1,
			"57": 2,
			"58": 2,
			"59": 2,
			"60": 2,
			"61": 2,
			"62": 2,
			"63": 2,
			"64": 2,
			"65": 2,
			"66": 2,
			"67": 2,
			"68": 2
		},
		"f": {
			"0": 2,
			"1": 19,
			"2": 1,
			"3": 1,
			"4": 1,
			"5": 1,
			"6": 1,
			"7": 1,
			"8": 2,
			"9": 1,
			"10": 1,
			"11": 2
		},
		"b": { "0": [1], "1": [1, 1] }
	},
	"C:\\Users\\adamt\\OneDrive\\Documents\\Cal Poly SLO\\CSC 308\\ImmaculateInventors\\express-backend\\models\\item.tsx": {
		"path": "C:\\Users\\adamt\\OneDrive\\Documents\\Cal Poly SLO\\CSC 308\\ImmaculateInventors\\express-backend\\models\\item.tsx",
		"statementMap": {
			"0": {
				"start": { "line": 1, "column": 0 },
				"end": { "line": 1, "column": 32 }
			},
			"1": {
				"start": { "line": 3, "column": 19 },
				"end": { "line": 41, "column": null }
			},
			"2": {
				"start": { "line": 44, "column": 13 },
				"end": { "line": 44, "column": 47 }
			},
			"3": {
				"start": { "line": 46, "column": 0 },
				"end": { "line": 46, "column": 22 }
			},
			"4": {
				"start": { "line": 47, "column": 0 },
				"end": { "line": 47, "column": 28 }
			}
		},
		"fnMap": {},
		"branchMap": {},
		"s": { "0": 2, "1": 2, "2": 2, "3": 2, "4": 2 },
		"f": {},
		"b": {}
	},
	"C:\\Users\\adamt\\OneDrive\\Documents\\Cal Poly SLO\\CSC 308\\ImmaculateInventors\\express-backend\\models\\refreshTokens-services.tsx": {
		"path": "C:\\Users\\adamt\\OneDrive\\Documents\\Cal Poly SLO\\CSC 308\\ImmaculateInventors\\express-backend\\models\\refreshTokens-services.tsx",
		"statementMap": {
			"0": {
				"start": { "line": 1, "column": 27 },
				"end": { "line": 1, "column": 57 }
			},
			"1": {
				"start": { "line": 2, "column": 17 },
				"end": { "line": 2, "column": 36 }
			},
			"2": {
				"start": { "line": 3, "column": 15 },
				"end": { "line": 3, "column": 32 }
			},
			"3": {
				"start": { "line": 4, "column": 0 },
				"end": { "line": 4, "column": 16 }
			},
			"4": {
				"start": { "line": 9, "column": 1 },
				"end": { "line": 9, "column": 24 }
			},
			"5": {
				"start": { "line": 10, "column": 1 },
				"end": { "line": 10, "column": 21 }
			},
			"6": {
				"start": { "line": 14, "column": 1 },
				"end": { "line": 19, "column": 2 }
			},
			"7": {
				"start": { "line": 15, "column": 2 },
				"end": { "line": 18, "column": 5 }
			},
			"8": {
				"start": { "line": 20, "column": 1 },
				"end": { "line": 20, "column": 21 }
			},
			"9": {
				"start": { "line": 23, "column": 12 },
				"end": { "line": 23, "column": 34 }
			},
			"10": {
				"start": { "line": 24, "column": 0 },
				"end": { "line": 27, "column": 3 }
			},
			"11": {
				"start": { "line": 30, "column": 22 },
				"end": { "line": 32, "column": null }
			},
			"12": {
				"start": { "line": 34, "column": 16 },
				"end": { "line": 34, "column": 71 }
			},
			"13": {
				"start": { "line": 35, "column": 1 },
				"end": { "line": 35, "column": 18 }
			},
			"14": {
				"start": { "line": 39, "column": 22 },
				"end": { "line": 41, "column": null }
			},
			"15": {
				"start": { "line": 43, "column": 20 },
				"end": { "line": 43, "column": 68 }
			},
			"16": {
				"start": { "line": 44, "column": 20 },
				"end": { "line": 44, "column": 43 }
			},
			"17": {
				"start": { "line": 45, "column": 1 },
				"end": { "line": 45, "column": 19 }
			},
			"18": {
				"start": { "line": 49, "column": 22 },
				"end": { "line": 51, "column": null }
			},
			"19": {
				"start": { "line": 53, "column": 23 },
				"end": { "line": 55, "column": 3 }
			},
			"20": {
				"start": { "line": 56, "column": 1 },
				"end": { "line": 56, "column": 60 }
			},
			"21": {
				"start": { "line": 59, "column": 0 },
				"end": { "line": 59, "column": 42 }
			},
			"22": {
				"start": { "line": 60, "column": 0 },
				"end": { "line": 60, "column": 42 }
			},
			"23": {
				"start": { "line": 61, "column": 0 },
				"end": { "line": 61, "column": 48 }
			},
			"24": {
				"start": { "line": 62, "column": 0 },
				"end": { "line": 62, "column": 38 }
			},
			"25": {
				"start": { "line": 63, "column": 0 },
				"end": { "line": 63, "column": 42 }
			}
		},
		"fnMap": {
			"0": {
				"name": "setConnection",
				"decl": {
					"start": { "line": 8, "column": 9 },
					"end": { "line": 8, "column": 22 }
				},
				"loc": {
					"start": { "line": 8, "column": 35 },
					"end": { "line": 11, "column": 1 }
				}
			},
			"1": {
				"name": "getDbConnection",
				"decl": {
					"start": { "line": 13, "column": 9 },
					"end": { "line": 13, "column": 24 }
				},
				"loc": {
					"start": { "line": 13, "column": 24 },
					"end": { "line": 21, "column": 1 }
				}
			},
			"2": {
				"name": "getRefreshToken",
				"decl": {
					"start": { "line": 29, "column": 15 },
					"end": { "line": 29, "column": 30 }
				},
				"loc": {
					"start": { "line": 29, "column": 51 },
					"end": { "line": 36, "column": null }
				}
			},
			"3": {
				"name": "addRefreshToken",
				"decl": {
					"start": { "line": 38, "column": 15 },
					"end": { "line": 38, "column": 30 }
				},
				"loc": {
					"start": { "line": 38, "column": 51 },
					"end": { "line": 46, "column": null }
				}
			},
			"4": {
				"name": "deleteRefreshToken",
				"decl": {
					"start": { "line": 48, "column": 15 },
					"end": { "line": 48, "column": 33 }
				},
				"loc": {
					"start": { "line": 48, "column": 54 },
					"end": { "line": 57, "column": null }
				}
			}
		},
		"branchMap": {
			"0": {
				"loc": {
					"start": { "line": 14, "column": 1 },
					"end": { "line": 19, "column": 2 }
				},
				"type": "if",
				"locations": [
					{
						"start": { "line": 14, "column": 1 },
						"end": { "line": 19, "column": 2 }
					}
				]
			}
		},
		"s": {
			"0": 1,
			"1": 1,
			"2": 1,
			"3": 1,
			"4": 1,
			"5": 1,
			"6": 7,
			"7": 1,
			"8": 7,
			"9": 1,
			"10": 1,
			"11": 2,
			"12": 2,
			"13": 2,
			"14": 3,
			"15": 3,
			"16": 3,
			"17": 3,
			"18": 1,
			"19": 1,
			"20": 1,
			"21": 1,
			"22": 1,
			"23": 1,
			"24": 1,
			"25": 1
		},
		"f": { "0": 1, "1": 7, "2": 2, "3": 3, "4": 1 },
		"b": { "0": [1] }
	},
	"C:\\Users\\adamt\\OneDrive\\Documents\\Cal Poly SLO\\CSC 308\\ImmaculateInventors\\express-backend\\models\\refreshTokens.tsx": {
		"path": "C:\\Users\\adamt\\OneDrive\\Documents\\Cal Poly SLO\\CSC 308\\ImmaculateInventors\\express-backend\\models\\refreshTokens.tsx",
		"statementMap": {
			"0": {
				"start": { "line": 1, "column": 0 },
				"end": { "line": 1, "column": 32 }
			},
			"1": {
				"start": { "line": 3, "column": 27 },
				"end": { "line": 9, "column": null }
			},
			"2": {
				"start": { "line": 12, "column": 21 },
				"end": { "line": 12, "column": 71 }
			},
			"3": {
				"start": { "line": 14, "column": 0 },
				"end": { "line": 14, "column": 30 }
			},
			"4": {
				"start": { "line": 15, "column": 0 },
				"end": { "line": 15, "column": 36 }
			}
		},
		"fnMap": {},
		"branchMap": {},
		"s": { "0": 1, "1": 1, "2": 1, "3": 1, "4": 1 },
		"f": {},
		"b": {}
	},
	"C:\\Users\\adamt\\OneDrive\\Documents\\Cal Poly SLO\\CSC 308\\ImmaculateInventors\\express-backend\\models\\user-services.tsx": {
		"path": "C:\\Users\\adamt\\OneDrive\\Documents\\Cal Poly SLO\\CSC 308\\ImmaculateInventors\\express-backend\\models\\user-services.tsx",
		"statementMap": {
			"0": {
				"start": { "line": 1, "column": 17 },
				"end": { "line": 1, "column": 36 }
			},
			"1": {
				"start": { "line": 2, "column": 19 },
				"end": { "line": 2, "column": 40 }
			},
			"2": {
				"start": { "line": 3, "column": 19 },
				"end": { "line": 3, "column": 40 }
			},
			"3": {
				"start": { "line": 4, "column": 21 },
				"end": { "line": 4, "column": 44 }
			},
			"4": {
				"start": { "line": 5, "column": 21 },
				"end": { "line": 5, "column": 51 }
			},
			"5": {
				"start": { "line": 6, "column": 15 },
				"end": { "line": 6, "column": 32 }
			},
			"6": {
				"start": { "line": 7, "column": 0 },
				"end": { "line": 7, "column": 16 }
			},
			"7": {
				"start": { "line": 9, "column": 0 },
				"end": { "line": 9, "column": 28 }
			},
			"8": {
				"start": { "line": 13, "column": 1 },
				"end": { "line": 13, "column": 24 }
			},
			"9": {
				"start": { "line": 14, "column": 1 },
				"end": { "line": 14, "column": 21 }
			},
			"10": {
				"start": { "line": 18, "column": 1 },
				"end": { "line": 23, "column": 2 }
			},
			"11": {
				"start": { "line": 19, "column": 2 },
				"end": { "line": 22, "column": 5 }
			},
			"12": {
				"start": { "line": 24, "column": 1 },
				"end": { "line": 24, "column": 21 }
			},
			"13": {
				"start": { "line": 27, "column": 12 },
				"end": { "line": 27, "column": 34 }
			},
			"14": {
				"start": { "line": 28, "column": 0 },
				"end": { "line": 31, "column": 3 }
			},
			"15": {
				"start": { "line": 34, "column": 19 },
				"end": { "line": 34, "column": 62 }
			},
			"16": {
				"start": { "line": 35, "column": 1 },
				"end": { "line": 35, "column": 31 }
			},
			"17": {
				"start": { "line": 39, "column": 1 },
				"end": { "line": 44, "column": 2 }
			},
			"18": {
				"start": { "line": 40, "column": 2 },
				"end": { "line": 40, "column": 38 }
			},
			"19": {
				"start": { "line": 42, "column": 2 },
				"end": { "line": 42, "column": 21 }
			},
			"20": {
				"start": { "line": 43, "column": 2 },
				"end": { "line": 43, "column": 19 }
			},
			"21": {
				"start": { "line": 48, "column": 21 },
				"end": { "line": 48, "column": 68 }
			},
			"22": {
				"start": { "line": 49, "column": 17 },
				"end": { "line": 49, "column": 59 }
			},
			"23": {
				"start": { "line": 50, "column": 1 },
				"end": { "line": 50, "column": 16 }
			},
			"24": {
				"start": { "line": 54, "column": 21 },
				"end": { "line": 54, "column": 68 }
			},
			"25": {
				"start": { "line": 55, "column": 19 },
				"end": { "line": 55, "column": 62 }
			},
			"26": {
				"start": { "line": 56, "column": 16 },
				"end": { "line": 56, "column": 47 }
			},
			"27": {
				"start": { "line": 57, "column": 21 },
				"end": { "line": 61, "column": 3 }
			},
			"28": {
				"start": { "line": 62, "column": 21 },
				"end": { "line": 62, "column": 45 }
			},
			"29": {
				"start": { "line": 63, "column": 14 },
				"end": { "line": 65, "column": 3 }
			},
			"30": {
				"start": { "line": 66, "column": 1 },
				"end": { "line": 66, "column": 24 }
			},
			"31": {
				"start": { "line": 70, "column": 19 },
				"end": { "line": 70, "column": 62 }
			},
			"32": {
				"start": { "line": 71, "column": 1 },
				"end": { "line": 71, "column": 23 }
			},
			"33": {
				"start": { "line": 72, "column": 15 },
				"end": { "line": 72, "column": 57 }
			},
			"34": {
				"start": { "line": 73, "column": 1 },
				"end": { "line": 73, "column": 20 }
			},
			"35": {
				"start": { "line": 74, "column": 1 },
				"end": { "line": 74, "column": 14 }
			},
			"36": {
				"start": { "line": 78, "column": 19 },
				"end": { "line": 78, "column": 62 }
			},
			"37": {
				"start": { "line": 79, "column": 15 },
				"end": { "line": 81, "column": 3 }
			},
			"38": {
				"start": { "line": 82, "column": 1 },
				"end": { "line": 82, "column": 14 }
			},
			"39": {
				"start": { "line": 86, "column": 21 },
				"end": { "line": 86, "column": 68 }
			},
			"40": {
				"start": { "line": 87, "column": 19 },
				"end": { "line": 87, "column": 62 }
			},
			"41": {
				"start": { "line": 88, "column": 16 },
				"end": { "line": 88, "column": 47 }
			},
			"42": {
				"start": { "line": 89, "column": 21 },
				"end": { "line": 89, "column": 65 }
			},
			"43": {
				"start": { "line": 90, "column": 14 },
				"end": { "line": 92, "column": 3 }
			},
			"44": {
				"start": { "line": 93, "column": 1 },
				"end": { "line": 93, "column": 57 }
			},
			"45": {
				"start": { "line": 94, "column": 1 },
				"end": { "line": 94, "column": 13 }
			},
			"46": {
				"start": { "line": 110, "column": 21 },
				"end": { "line": 110, "column": 68 }
			},
			"47": {
				"start": { "line": 111, "column": 19 },
				"end": { "line": 111, "column": 62 }
			},
			"48": {
				"start": { "line": 112, "column": 16 },
				"end": { "line": 116, "column": null }
			},
			"49": {
				"start": { "line": 118, "column": 22 },
				"end": { "line": 121, "column": null }
			},
			"50": {
				"start": { "line": 123, "column": 1 },
				"end": { "line": 123, "column": 13 }
			},
			"51": {
				"start": { "line": 127, "column": 21 },
				"end": { "line": 127, "column": 68 }
			},
			"52": {
				"start": { "line": 128, "column": 19 },
				"end": { "line": 128, "column": 62 }
			},
			"53": {
				"start": { "line": 129, "column": 24 },
				"end": { "line": 129, "column": 68 }
			},
			"54": {
				"start": { "line": 130, "column": 16 },
				"end": { "line": 132, "column": 3 }
			},
			"55": {
				"start": { "line": 133, "column": 22 },
				"end": { "line": 136, "column": null }
			},
			"56": {
				"start": { "line": 138, "column": 1 },
				"end": { "line": 138, "column": 13 }
			},
			"57": {
				"start": { "line": 142, "column": 21 },
				"end": { "line": 142, "column": 68 }
			},
			"58": {
				"start": { "line": 143, "column": 24 },
				"end": { "line": 146, "column": null }
			},
			"59": {
				"start": { "line": 148, "column": 1 },
				"end": { "line": 148, "column": 13 }
			},
			"60": {
				"start": { "line": 153, "column": 19 },
				"end": { "line": 153, "column": 62 }
			},
			"61": {
				"start": { "line": 154, "column": 1 },
				"end": { "line": 169, "column": 2 }
			},
			"62": {
				"start": { "line": 155, "column": 20 },
				"end": { "line": 155, "column": 39 }
			},
			"63": {
				"start": { "line": 156, "column": 20 },
				"end": { "line": 156, "column": 42 }
			},
			"64": {
				"start": { "line": 157, "column": 2 },
				"end": { "line": 157, "column": 19 }
			},
			"65": {
				"start": { "line": 159, "column": 2 },
				"end": { "line": 168, "column": 3 }
			},
			"66": {
				"start": { "line": 160, "column": 24 },
				"end": { "line": 162, "column": 18 }
			},
			"67": {
				"start": { "line": 163, "column": 3 },
				"end": { "line": 163, "column": 29 }
			},
			"68": {
				"start": { "line": 164, "column": 3 },
				"end": { "line": 164, "column": 49 }
			},
			"69": {
				"start": { "line": 166, "column": 3 },
				"end": { "line": 166, "column": 22 }
			},
			"70": {
				"start": { "line": 167, "column": 3 },
				"end": { "line": 167, "column": 67 }
			},
			"71": {
				"start": { "line": 173, "column": 19 },
				"end": { "line": 173, "column": 62 }
			},
			"72": {
				"start": { "line": 174, "column": 1 },
				"end": { "line": 180, "column": 2 }
			},
			"73": {
				"start": { "line": 175, "column": 2 },
				"end": { "line": 175, "column": 34 }
			},
			"74": {
				"start": { "line": 176, "column": 2 },
				"end": { "line": 176, "column": 14 }
			},
			"75": {
				"start": { "line": 178, "column": 2 },
				"end": { "line": 178, "column": 21 }
			},
			"76": {
				"start": { "line": 179, "column": 2 },
				"end": { "line": 179, "column": 15 }
			},
			"77": {
				"start": { "line": 184, "column": 19 },
				"end": { "line": 184, "column": 62 }
			},
			"78": {
				"start": { "line": 185, "column": 19 },
				"end": { "line": 185, "column": 62 }
			},
			"79": {
				"start": { "line": 188, "column": 14 },
				"end": { "line": 188, "column": 47 }
			},
			"80": {
				"start": { "line": 190, "column": 1 },
				"end": { "line": 190, "column": 17 }
			},
			"81": {
				"start": { "line": 191, "column": 1 },
				"end": { "line": 191, "column": 38 }
			},
			"82": {
				"start": { "line": 191, "column": 11 },
				"end": { "line": 191, "column": 38 }
			},
			"83": {
				"start": { "line": 192, "column": 19 },
				"end": { "line": 192, "column": 57 }
			},
			"84": {
				"start": { "line": 193, "column": 1 },
				"end": { "line": 193, "column": 37 }
			},
			"85": {
				"start": { "line": 193, "column": 16 },
				"end": { "line": 193, "column": 37 }
			},
			"86": {
				"start": { "line": 196, "column": 21 },
				"end": { "line": 198, "column": 3 }
			},
			"87": {
				"start": { "line": 199, "column": 1 },
				"end": { "line": 199, "column": 20 }
			},
			"88": {
				"start": { "line": 203, "column": 19 },
				"end": { "line": 203, "column": 62 }
			},
			"89": {
				"start": { "line": 204, "column": 19 },
				"end": { "line": 204, "column": 62 }
			},
			"90": {
				"start": { "line": 205, "column": 14 },
				"end": { "line": 205, "column": 46 }
			},
			"91": {
				"start": { "line": 206, "column": 18 },
				"end": { "line": 206, "column": 57 }
			},
			"92": {
				"start": { "line": 207, "column": 1 },
				"end": { "line": 207, "column": 46 }
			},
			"93": {
				"start": { "line": 211, "column": 19 },
				"end": { "line": 211, "column": 62 }
			},
			"94": {
				"start": { "line": 212, "column": 14 },
				"end": { "line": 212, "column": 46 }
			},
			"95": {
				"start": { "line": 213, "column": 1 },
				"end": { "line": 213, "column": 38 }
			},
			"96": {
				"start": { "line": 213, "column": 11 },
				"end": { "line": 213, "column": 38 }
			},
			"97": {
				"start": { "line": 214, "column": 18 },
				"end": { "line": 214, "column": 57 }
			},
			"98": {
				"start": { "line": 215, "column": 1 },
				"end": { "line": 215, "column": 41 }
			},
			"99": {
				"start": { "line": 215, "column": 15 },
				"end": { "line": 215, "column": 41 }
			},
			"100": {
				"start": { "line": 216, "column": 21 },
				"end": { "line": 218, "column": 3 }
			},
			"101": {
				"start": { "line": 219, "column": 1 },
				"end": { "line": 219, "column": 20 }
			},
			"102": {
				"start": { "line": 228, "column": 19 },
				"end": { "line": 228, "column": 62 }
			},
			"103": {
				"start": { "line": 229, "column": 19 },
				"end": { "line": 229, "column": 62 }
			},
			"104": {
				"start": { "line": 230, "column": 14 },
				"end": { "line": 230, "column": 46 }
			},
			"105": {
				"start": { "line": 231, "column": 1 },
				"end": { "line": 250, "column": 2 }
			},
			"106": {
				"start": { "line": 232, "column": 18 },
				"end": { "line": 234, "column": 4 }
			},
			"107": {
				"start": { "line": 235, "column": 2 },
				"end": { "line": 235, "column": 17 }
			},
			"108": {
				"start": { "line": 237, "column": 19 },
				"end": { "line": 237, "column": 51 }
			},
			"109": {
				"start": { "line": 238, "column": 2 },
				"end": { "line": 249, "column": 3 }
			},
			"110": {
				"start": { "line": 239, "column": 23 },
				"end": { "line": 241, "column": 5 }
			},
			"111": {
				"start": { "line": 242, "column": 19 },
				"end": { "line": 242, "column": 56 }
			},
			"112": {
				"start": { "line": 243, "column": 3 },
				"end": { "line": 243, "column": 18 }
			},
			"113": {
				"start": { "line": 245, "column": 19 },
				"end": { "line": 247, "column": 5 }
			},
			"114": {
				"start": { "line": 248, "column": 3 },
				"end": { "line": 248, "column": 18 }
			},
			"115": {
				"start": { "line": 254, "column": 19 },
				"end": { "line": 254, "column": 62 }
			},
			"116": {
				"start": { "line": 255, "column": 14 },
				"end": { "line": 255, "column": 58 }
			},
			"117": {
				"start": { "line": 256, "column": 1 },
				"end": { "line": 256, "column": 16 }
			},
			"118": {
				"start": { "line": 260, "column": 19 },
				"end": { "line": 260, "column": 62 }
			},
			"119": {
				"start": { "line": 261, "column": 14 },
				"end": { "line": 264, "column": 3 }
			},
			"120": {
				"start": { "line": 265, "column": 1 },
				"end": { "line": 265, "column": 16 }
			},
			"121": {
				"start": { "line": 269, "column": 19 },
				"end": { "line": 269, "column": 62 }
			},
			"122": {
				"start": { "line": 270, "column": 1 },
				"end": { "line": 275, "column": 2 }
			},
			"123": {
				"start": { "line": 271, "column": 2 },
				"end": { "line": 271, "column": 57 }
			},
			"124": {
				"start": { "line": 271, "column": 45 },
				"end": { "line": 271, "column": 57 }
			},
			"125": {
				"start": { "line": 273, "column": 2 },
				"end": { "line": 273, "column": 21 }
			},
			"126": {
				"start": { "line": 274, "column": 2 },
				"end": { "line": 274, "column": 15 }
			},
			"127": {
				"start": { "line": 279, "column": 19 },
				"end": { "line": 279, "column": 62 }
			},
			"128": {
				"start": { "line": 280, "column": 15 },
				"end": { "line": 282, "column": 3 }
			},
			"129": {
				"start": { "line": 283, "column": 1 },
				"end": { "line": 283, "column": 14 }
			},
			"130": {
				"start": { "line": 287, "column": 19 },
				"end": { "line": 287, "column": 62 }
			},
			"131": {
				"start": { "line": 288, "column": 15 },
				"end": { "line": 290, "column": 3 }
			},
			"132": {
				"start": { "line": 291, "column": 1 },
				"end": { "line": 291, "column": 14 }
			},
			"133": {
				"start": { "line": 295, "column": 19 },
				"end": { "line": 295, "column": 62 }
			},
			"134": {
				"start": { "line": 296, "column": 15 },
				"end": { "line": 296, "column": 75 }
			},
			"135": {
				"start": { "line": 297, "column": 1 },
				"end": { "line": 297, "column": 14 }
			},
			"136": {
				"start": { "line": 301, "column": 19 },
				"end": { "line": 301, "column": 62 }
			},
			"137": {
				"start": { "line": 302, "column": 15 },
				"end": { "line": 302, "column": 76 }
			},
			"138": {
				"start": { "line": 303, "column": 1 },
				"end": { "line": 303, "column": 14 }
			},
			"139": {
				"start": { "line": 307, "column": 19 },
				"end": { "line": 307, "column": 62 }
			},
			"140": {
				"start": { "line": 308, "column": 15 },
				"end": { "line": 308, "column": 75 }
			},
			"141": {
				"start": { "line": 309, "column": 1 },
				"end": { "line": 309, "column": 14 }
			},
			"142": {
				"start": { "line": 313, "column": 19 },
				"end": { "line": 313, "column": 62 }
			},
			"143": {
				"start": { "line": 314, "column": 15 },
				"end": { "line": 314, "column": 76 }
			},
			"144": {
				"start": { "line": 315, "column": 1 },
				"end": { "line": 315, "column": 14 }
			},
			"145": {
				"start": { "line": 318, "column": 0 },
				"end": { "line": 318, "column": 38 }
			},
			"146": {
				"start": { "line": 319, "column": 0 },
				"end": { "line": 319, "column": 38 }
			},
			"147": {
				"start": { "line": 320, "column": 0 },
				"end": { "line": 320, "column": 38 }
			},
			"148": {
				"start": { "line": 321, "column": 0 },
				"end": { "line": 321, "column": 38 }
			},
			"149": {
				"start": { "line": 322, "column": 0 },
				"end": { "line": 322, "column": 46 }
			},
			"150": {
				"start": { "line": 323, "column": 0 },
				"end": { "line": 323, "column": 46 }
			},
			"151": {
				"start": { "line": 324, "column": 0 },
				"end": { "line": 324, "column": 28 }
			},
			"152": {
				"start": { "line": 325, "column": 0 },
				"end": { "line": 325, "column": 36 }
			},
			"153": {
				"start": { "line": 326, "column": 0 },
				"end": { "line": 326, "column": 26 }
			},
			"154": {
				"start": { "line": 327, "column": 0 },
				"end": { "line": 327, "column": 26 }
			},
			"155": {
				"start": { "line": 328, "column": 0 },
				"end": { "line": 328, "column": 38 }
			},
			"156": {
				"start": { "line": 329, "column": 0 },
				"end": { "line": 329, "column": 42 }
			},
			"157": {
				"start": { "line": 330, "column": 0 },
				"end": { "line": 330, "column": 48 }
			},
			"158": {
				"start": { "line": 331, "column": 0 },
				"end": { "line": 331, "column": 48 }
			},
			"159": {
				"start": { "line": 332, "column": 0 },
				"end": { "line": 332, "column": 48 }
			},
			"160": {
				"start": { "line": 333, "column": 0 },
				"end": { "line": 333, "column": 54 }
			},
			"161": {
				"start": { "line": 334, "column": 0 },
				"end": { "line": 334, "column": 40 }
			},
			"162": {
				"start": { "line": 335, "column": 0 },
				"end": { "line": 335, "column": 32 }
			},
			"163": {
				"start": { "line": 336, "column": 0 },
				"end": { "line": 336, "column": 30 }
			},
			"164": {
				"start": { "line": 337, "column": 0 },
				"end": { "line": 337, "column": 36 }
			},
			"165": {
				"start": { "line": 338, "column": 0 },
				"end": { "line": 338, "column": 42 }
			},
			"166": {
				"start": { "line": 339, "column": 0 },
				"end": { "line": 339, "column": 52 }
			},
			"167": {
				"start": { "line": 340, "column": 0 },
				"end": { "line": 340, "column": 44 }
			},
			"168": {
				"start": { "line": 341, "column": 0 },
				"end": { "line": 341, "column": 46 }
			}
		},
		"fnMap": {
			"0": {
				"name": "setConnection",
				"decl": {
					"start": { "line": 12, "column": 9 },
					"end": { "line": 12, "column": 22 }
				},
				"loc": {
					"start": { "line": 12, "column": 35 },
					"end": { "line": 15, "column": 1 }
				}
			},
			"1": {
				"name": "getDbConnection",
				"decl": {
					"start": { "line": 17, "column": 9 },
					"end": { "line": 17, "column": 24 }
				},
				"loc": {
					"start": { "line": 17, "column": 24 },
					"end": { "line": 25, "column": 1 }
				}
			},
			"2": {
				"name": "getUsers",
				"decl": {
					"start": { "line": 33, "column": 15 },
					"end": { "line": 33, "column": 23 }
				},
				"loc": {
					"start": { "line": 33, "column": 23 },
					"end": { "line": 36, "column": null }
				}
			},
			"3": {
				"name": "findUserById",
				"decl": {
					"start": { "line": 38, "column": 15 },
					"end": { "line": 38, "column": 27 }
				},
				"loc": {
					"start": { "line": 38, "column": 35 },
					"end": { "line": 45, "column": null }
				}
			},
			"4": {
				"name": "getFolders",
				"decl": {
					"start": { "line": 47, "column": 15 },
					"end": { "line": 47, "column": 25 }
				},
				"loc": {
					"start": { "line": 47, "column": 37 },
					"end": { "line": 51, "column": null }
				}
			},
			"5": {
				"name": "addFolder",
				"decl": {
					"start": { "line": 53, "column": 15 },
					"end": { "line": 53, "column": 24 }
				},
				"loc": {
					"start": { "line": 53, "column": 74 },
					"end": { "line": 67, "column": null }
				}
			},
			"6": {
				"name": "getFolderContents",
				"decl": {
					"start": { "line": 69, "column": 15 },
					"end": { "line": 69, "column": 32 }
				},
				"loc": {
					"start": { "line": 69, "column": 46 },
					"end": { "line": 75, "column": null }
				}
			},
			"7": {
				"name": "sortByQuantity",
				"decl": {
					"start": { "line": 77, "column": 15 },
					"end": { "line": 77, "column": 29 }
				},
				"loc": {
					"start": { "line": 77, "column": 43 },
					"end": { "line": 83, "column": null }
				}
			},
			"8": {
				"name": "deleteFolder",
				"decl": {
					"start": { "line": 85, "column": 15 },
					"end": { "line": 85, "column": 27 }
				},
				"loc": {
					"start": { "line": 85, "column": 56 },
					"end": { "line": 95, "column": null }
				}
			},
			"9": {
				"name": "addItemToFolder",
				"decl": {
					"start": { "line": 109, "column": 15 },
					"end": { "line": 109, "column": 30 }
				},
				"loc": {
					"start": { "line": 109, "column": 57 },
					"end": { "line": 124, "column": null }
				}
			},
			"10": {
				"name": "deleteItemFromFolder",
				"decl": {
					"start": { "line": 126, "column": 15 },
					"end": { "line": 126, "column": 35 }
				},
				"loc": {
					"start": { "line": 126, "column": 64 },
					"end": { "line": 139, "column": null }
				}
			},
			"11": {
				"name": "updateFolderName",
				"decl": {
					"start": { "line": 141, "column": 15 },
					"end": { "line": 141, "column": 31 }
				},
				"loc": {
					"start": { "line": 141, "column": 59 },
					"end": { "line": 149, "column": null }
				}
			},
			"12": {
				"name": "addUser",
				"decl": {
					"start": { "line": 151, "column": 15 },
					"end": { "line": 151, "column": 22 }
				},
				"loc": {
					"start": { "line": 151, "column": 32 },
					"end": { "line": 170, "column": null }
				}
			},
			"13": {
				"name": "delUser",
				"decl": {
					"start": { "line": 172, "column": 15 },
					"end": { "line": 172, "column": 22 }
				},
				"loc": {
					"start": { "line": 172, "column": 32 },
					"end": { "line": 181, "column": null }
				}
			},
			"14": {
				"name": "addItemToUser",
				"decl": {
					"start": { "line": 183, "column": 15 },
					"end": { "line": 183, "column": 28 }
				},
				"loc": {
					"start": { "line": 183, "column": 55 },
					"end": { "line": 200, "column": null }
				}
			},
			"15": {
				"name": "getItemFromUser",
				"decl": {
					"start": { "line": 202, "column": 15 },
					"end": { "line": 202, "column": 30 }
				},
				"loc": {
					"start": { "line": 202, "column": 55 },
					"end": { "line": 208, "column": null }
				}
			},
			"16": {
				"name": "deleteItemFromUser",
				"decl": {
					"start": { "line": 210, "column": 15 },
					"end": { "line": 210, "column": 33 }
				},
				"loc": {
					"start": { "line": 210, "column": 58 },
					"end": { "line": 220, "column": null }
				}
			},
			"17": {
				"name": "updateItemFromUser",
				"decl": {
					"start": { "line": 222, "column": 15 },
					"end": { "line": 222, "column": 33 }
				},
				"loc": {
					"start": { "line": 226, "column": 12 },
					"end": { "line": 251, "column": null }
				}
			},
			"18": {
				"name": "findUserByUsername",
				"decl": {
					"start": { "line": 253, "column": 15 },
					"end": { "line": 253, "column": 33 }
				},
				"loc": {
					"start": { "line": 253, "column": 50 },
					"end": { "line": 257, "column": null }
				}
			},
			"19": {
				"name": "findUserByUserAndPass",
				"decl": {
					"start": { "line": 259, "column": 15 },
					"end": { "line": 259, "column": 36 }
				},
				"loc": {
					"start": { "line": 259, "column": 65 },
					"end": { "line": 266, "column": null }
				}
			},
			"20": {
				"name": "deleteUserById",
				"decl": {
					"start": { "line": 268, "column": 15 },
					"end": { "line": 268, "column": 29 }
				},
				"loc": {
					"start": { "line": 268, "column": 37 },
					"end": { "line": 276, "column": null }
				}
			},
			"21": {
				"name": "sortByQuantityAsc",
				"decl": {
					"start": { "line": 278, "column": 15 },
					"end": { "line": 278, "column": 32 }
				},
				"loc": {
					"start": { "line": 278, "column": 46 },
					"end": { "line": 284, "column": null }
				}
			},
			"22": {
				"name": "sortByQuantityDes",
				"decl": {
					"start": { "line": 286, "column": 15 },
					"end": { "line": 286, "column": 32 }
				},
				"loc": {
					"start": { "line": 286, "column": 46 },
					"end": { "line": 292, "column": null }
				}
			},
			"23": {
				"name": "sortByDateAsc",
				"decl": {
					"start": { "line": 294, "column": 15 },
					"end": { "line": 294, "column": 28 }
				},
				"loc": {
					"start": { "line": 294, "column": 42 },
					"end": { "line": 298, "column": null }
				}
			},
			"24": {
				"name": "sortByDateDes",
				"decl": {
					"start": { "line": 300, "column": 15 },
					"end": { "line": 300, "column": 28 }
				},
				"loc": {
					"start": { "line": 300, "column": 42 },
					"end": { "line": 304, "column": null }
				}
			},
			"25": {
				"name": "sortByNameAsc",
				"decl": {
					"start": { "line": 306, "column": 15 },
					"end": { "line": 306, "column": 28 }
				},
				"loc": {
					"start": { "line": 306, "column": 42 },
					"end": { "line": 310, "column": null }
				}
			},
			"26": {
				"name": "sortByNameDes",
				"decl": {
					"start": { "line": 312, "column": 15 },
					"end": { "line": 312, "column": 28 }
				},
				"loc": {
					"start": { "line": 312, "column": 42 },
					"end": { "line": 316, "column": null }
				}
			}
		},
		"branchMap": {
			"0": {
				"loc": {
					"start": { "line": 18, "column": 1 },
					"end": { "line": 23, "column": 2 }
				},
				"type": "if",
				"locations": [
					{
						"start": { "line": 18, "column": 1 },
						"end": { "line": 23, "column": 2 }
					}
				]
			},
			"1": {
				"loc": {
					"start": { "line": 159, "column": 2 },
					"end": { "line": 168, "column": 3 }
				},
				"type": "if",
				"locations": [
					{
						"start": { "line": 159, "column": 2 },
						"end": { "line": 168, "column": 3 }
					},
					{
						"start": { "line": 165, "column": 9 },
						"end": { "line": 168, "column": 3 }
					}
				]
			},
			"2": {
				"loc": {
					"start": { "line": 160, "column": 24 },
					"end": { "line": 162, "column": 18 }
				},
				"type": "cond-expr",
				"locations": [
					{
						"start": { "line": 161, "column": 6 },
						"end": { "line": 161, "column": 35 }
					},
					{
						"start": { "line": 162, "column": 6 },
						"end": { "line": 162, "column": 18 }
					}
				]
			},
			"3": {
				"loc": {
					"start": { "line": 191, "column": 1 },
					"end": { "line": 191, "column": 38 }
				},
				"type": "if",
				"locations": [
					{
						"start": { "line": 191, "column": 1 },
						"end": { "line": 191, "column": 38 }
					}
				]
			},
			"4": {
				"loc": {
					"start": { "line": 193, "column": 1 },
					"end": { "line": 193, "column": 37 }
				},
				"type": "if",
				"locations": [
					{
						"start": { "line": 193, "column": 1 },
						"end": { "line": 193, "column": 37 }
					}
				]
			},
			"5": {
				"loc": {
					"start": { "line": 213, "column": 1 },
					"end": { "line": 213, "column": 38 }
				},
				"type": "if",
				"locations": [
					{
						"start": { "line": 213, "column": 1 },
						"end": { "line": 213, "column": 38 }
					}
				]
			},
			"6": {
				"loc": {
					"start": { "line": 215, "column": 1 },
					"end": { "line": 215, "column": 41 }
				},
				"type": "if",
				"locations": [
					{
						"start": { "line": 215, "column": 1 },
						"end": { "line": 215, "column": 41 }
					}
				]
			},
			"7": {
				"loc": {
					"start": { "line": 231, "column": 1 },
					"end": { "line": 250, "column": 2 }
				},
				"type": "if",
				"locations": [
					{
						"start": { "line": 231, "column": 1 },
						"end": { "line": 250, "column": 2 }
					},
					{
						"start": { "line": 236, "column": 8 },
						"end": { "line": 250, "column": 2 }
					}
				]
			},
			"8": {
				"loc": {
					"start": { "line": 238, "column": 2 },
					"end": { "line": 249, "column": 3 }
				},
				"type": "if",
				"locations": [
					{
						"start": { "line": 238, "column": 2 },
						"end": { "line": 249, "column": 3 }
					},
					{
						"start": { "line": 244, "column": 9 },
						"end": { "line": 249, "column": 3 }
					}
				]
			},
			"9": {
				"loc": {
					"start": { "line": 271, "column": 2 },
					"end": { "line": 271, "column": 57 }
				},
				"type": "if",
				"locations": [
					{
						"start": { "line": 271, "column": 2 },
						"end": { "line": 271, "column": 57 }
					}
				]
			}
		},
		"s": {
			"0": 1,
			"1": 1,
			"2": 1,
			"3": 1,
			"4": 1,
			"5": 1,
			"6": 1,
			"7": 1,
			"8": 0,
			"9": 0,
			"10": 37,
			"11": 1,
			"12": 37,
			"13": 1,
			"14": 1,
			"15": 1,
			"16": 1,
			"17": 1,
			"18": 1,
			"19": 0,
			"20": 0,
			"21": 1,
			"22": 1,
			"23": 1,
			"24": 1,
			"25": 1,
			"26": 1,
			"27": 1,
			"28": 1,
			"29": 1,
			"30": 1,
			"31": 1,
			"32": 1,
			"33": 1,
			"34": 1,
			"35": 1,
			"36": 0,
			"37": 0,
			"38": 0,
			"39": 1,
			"40": 1,
			"41": 1,
			"42": 1,
			"43": 1,
			"44": 1,
			"45": 1,
			"46": 1,
			"47": 1,
			"48": 1,
			"49": 1,
			"50": 1,
			"51": 1,
			"52": 1,
			"53": 1,
			"54": 1,
			"55": 1,
			"56": 1,
			"57": 1,
			"58": 1,
			"59": 1,
			"60": 3,
			"61": 3,
			"62": 3,
			"63": 3,
			"64": 1,
			"65": 2,
			"66": 2,
			"67": 2,
			"68": 2,
			"69": 0,
			"70": 0,
			"71": 1,
			"72": 1,
			"73": 1,
			"74": 1,
			"75": 0,
			"76": 0,
			"77": 5,
			"78": 5,
			"79": 5,
			"80": 5,
			"81": 5,
			"82": 5,
			"83": 5,
			"84": 5,
			"85": 5,
			"86": 5,
			"87": 5,
			"88": 1,
			"89": 1,
			"90": 1,
			"91": 1,
			"92": 1,
			"93": 1,
			"94": 1,
			"95": 1,
			"96": 1,
			"97": 1,
			"98": 1,
			"99": 1,
			"100": 1,
			"101": 1,
			"102": 2,
			"103": 2,
			"104": 2,
			"105": 2,
			"106": 1,
			"107": 1,
			"108": 1,
			"109": 1,
			"110": 0,
			"111": 0,
			"112": 0,
			"113": 1,
			"114": 1,
			"115": 2,
			"116": 2,
			"117": 2,
			"118": 0,
			"119": 0,
			"120": 0,
			"121": 1,
			"122": 1,
			"123": 1,
			"124": 1,
			"125": 0,
			"126": 0,
			"127": 1,
			"128": 1,
			"129": 1,
			"130": 0,
			"131": 0,
			"132": 0,
			"133": 0,
			"134": 0,
			"135": 0,
			"136": 0,
			"137": 0,
			"138": 0,
			"139": 0,
			"140": 0,
			"141": 0,
			"142": 0,
			"143": 0,
			"144": 0,
			"145": 1,
			"146": 1,
			"147": 1,
			"148": 1,
			"149": 1,
			"150": 1,
			"151": 1,
			"152": 1,
			"153": 1,
			"154": 1,
			"155": 1,
			"156": 1,
			"157": 1,
			"158": 1,
			"159": 1,
			"160": 1,
			"161": 1,
			"162": 1,
			"163": 1,
			"164": 1,
			"165": 1,
			"166": 1,
			"167": 1,
			"168": 1
		},
		"f": {
			"0": 0,
			"1": 37,
			"2": 1,
			"3": 1,
			"4": 1,
			"5": 1,
			"6": 1,
			"7": 0,
			"8": 1,
			"9": 1,
			"10": 1,
			"11": 1,
			"12": 3,
			"13": 1,
			"14": 5,
			"15": 1,
			"16": 1,
			"17": 2,
			"18": 2,
			"19": 0,
			"20": 1,
			"21": 1,
			"22": 0,
			"23": 0,
			"24": 0,
			"25": 0,
			"26": 0
		},
		"b": {
			"0": [1],
			"1": [2, 0],
			"2": [1, 1],
			"3": [5],
			"4": [5],
			"5": [1],
			"6": [1],
			"7": [1, 1],
			"8": [0, 1],
			"9": [1]
		}
	},
	"C:\\Users\\adamt\\OneDrive\\Documents\\Cal Poly SLO\\CSC 308\\ImmaculateInventors\\express-backend\\models\\user.tsx": {
		"path": "C:\\Users\\adamt\\OneDrive\\Documents\\Cal Poly SLO\\CSC 308\\ImmaculateInventors\\express-backend\\models\\user.tsx",
		"statementMap": {
			"0": {
				"start": { "line": 2, "column": 0 },
				"end": { "line": 2, "column": 32 }
			},
			"1": {
				"start": { "line": 3, "column": 0 },
				"end": { "line": 3, "column": 28 }
			},
			"2": {
				"start": { "line": 5, "column": 15 },
				"end": { "line": 5, "column": 30 }
			},
			"3": {
				"start": { "line": 6, "column": 17 },
				"end": { "line": 6, "column": 40 }
			},
			"4": {
				"start": { "line": 9, "column": 19 },
				"end": { "line": 85, "column": null }
			},
			"5": {
				"start": { "line": 58, "column": 28 },
				"end": { "line": 58, "column": 74 }
			},
			"6": {
				"start": { "line": 59, "column": 5 },
				"end": { "line": 59, "column": 39 }
			},
			"7": {
				"start": { "line": 62, "column": 5 },
				"end": { "line": 62, "column": 110 }
			},
			"8": {
				"start": { "line": 88, "column": 0 },
				"end": { "line": 100, "column": 3 }
			},
			"9": {
				"start": { "line": 90, "column": 1 },
				"end": { "line": 90, "column": 49 }
			},
			"10": {
				"start": { "line": 90, "column": 35 },
				"end": { "line": 90, "column": 49 }
			},
			"11": {
				"start": { "line": 92, "column": 1 },
				"end": { "line": 99, "column": 2 }
			},
			"12": {
				"start": { "line": 93, "column": 15 },
				"end": { "line": 93, "column": 39 }
			},
			"13": {
				"start": { "line": 94, "column": 25 },
				"end": { "line": 94, "column": 63 }
			},
			"14": {
				"start": { "line": 95, "column": 2 },
				"end": { "line": 95, "column": 33 }
			},
			"15": {
				"start": { "line": 96, "column": 2 },
				"end": { "line": 96, "column": 9 }
			},
			"16": {
				"start": { "line": 98, "column": 2 },
				"end": { "line": 98, "column": 40 }
			},
			"17": {
				"start": { "line": 102, "column": 13 },
				"end": { "line": 102, "column": 47 }
			},
			"18": {
				"start": { "line": 104, "column": 0 },
				"end": { "line": 104, "column": 22 }
			},
			"19": {
				"start": { "line": 105, "column": 0 },
				"end": { "line": 105, "column": 28 }
			}
		},
		"fnMap": {
			"0": {
				"name": "(anonymous_8)",
				"decl": {
					"start": { "line": 57, "column": 15 },
					"end": { "line": 57, "column": 25 }
				},
				"loc": {
					"start": { "line": 57, "column": 35 },
					"end": { "line": 60, "column": 5 }
				}
			},
			"1": {
				"name": "(anonymous_9)",
				"decl": {
					"start": { "line": 61, "column": 13 },
					"end": { "line": 61, "column": 14 }
				},
				"loc": {
					"start": { "line": 62, "column": 5 },
					"end": { "line": 62, "column": 110 }
				}
			},
			"2": {
				"name": "(anonymous_10)",
				"decl": {
					"start": { "line": 88, "column": 23 },
					"end": { "line": 88, "column": 39 }
				},
				"loc": {
					"start": { "line": 88, "column": 43 },
					"end": { "line": 100, "column": 2 }
				}
			}
		},
		"branchMap": {
			"0": {
				"loc": {
					"start": { "line": 90, "column": 1 },
					"end": { "line": 90, "column": 49 }
				},
				"type": "if",
				"locations": [
					{
						"start": { "line": 90, "column": 1 },
						"end": { "line": 90, "column": 49 }
					}
				]
			}
		},
		"s": {
			"0": 2,
			"1": 2,
			"2": 2,
			"3": 2,
			"4": 2,
			"5": 22,
			"6": 22,
			"7": 3,
			"8": 2,
			"9": 18,
			"10": 0,
			"11": 18,
			"12": 18,
			"13": 18,
			"14": 18,
			"15": 18,
			"16": 0,
			"17": 2,
			"18": 2,
			"19": 2
		},
		"f": { "0": 22, "1": 3, "2": 18 },
		"b": { "0": [0] }
	}
}
