{"C:\\Users\\adamt\\OneDrive\\Documents\\Cal Poly SLO\\CSC 308\\ImmaculateInventors\\express-backend\\models\\item-services.tsx": {"path":"C:\\Users\\adamt\\OneDrive\\Documents\\Cal Poly SLO\\CSC 308\\ImmaculateInventors\\express-backend\\models\\item-services.tsx","statementMap":{"0":{"start":{"line":1,"column":19},"end":{"line":1,"column":40}},"1":{"start":{"line":2,"column":17},"end":{"line":2,"column":36}},"2":{"start":{"line":7,"column":1},"end":{"line":15,"column":2}},"3":{"start":{"line":8,"column":2},"end":{"line":14,"column":4}},"4":{"start":{"line":16,"column":1},"end":{"line":16,"column":21}},"5":{"start":{"line":20,"column":19},"end":{"line":20,"column":62}},"6":{"start":{"line":21,"column":1},"end":{"line":21,"column":31}},"7":{"start":{"line":25,"column":19},"end":{"line":25,"column":62}},"8":{"start":{"line":27,"column":1},"end":{"line":27,"column":51}},"9":{"start":{"line":28,"column":1},"end":{"line":28,"column":15}},"10":{"start":{"line":32,"column":19},"end":{"line":32,"column":62}},"11":{"start":{"line":33,"column":19},"end":{"line":33,"column":38}},"12":{"start":{"line":34,"column":19},"end":{"line":34,"column":41}},"13":{"start":{"line":35,"column":1},"end":{"line":35,"column":18}},"14":{"start":{"line":39,"column":19},"end":{"line":39,"column":62}},"15":{"start":{"line":40,"column":1},"end":{"line":40,"column":45}},"16":{"start":{"line":44,"column":19},"end":{"line":44,"column":62}},"17":{"start":{"line":45,"column":1},"end":{"line":45,"column":46}},"18":{"start":{"line":49,"column":19},"end":{"line":49,"column":62}},"19":{"start":{"line":50,"column":21},"end":{"line":52,"column":3}},"20":{"start":{"line":53,"column":1},"end":{"line":53,"column":20}},"21":{"start":{"line":61,"column":0},"end":{"line":61,"column":28}},"22":{"start":{"line":62,"column":0},"end":{"line":62,"column":40}},"23":{"start":{"line":63,"column":0},"end":{"line":63,"column":26}},"24":{"start":{"line":64,"column":0},"end":{"line":64,"column":32}},"25":{"start":{"line":65,"column":0},"end":{"line":65,"column":44}},"26":{"start":{"line":66,"column":0},"end":{"line":66,"column":32}}},"fnMap":{"0":{"name":"getDbConnection","decl":{"start":{"line":6,"column":9},"end":{"line":6,"column":24}},"loc":{"start":{"line":6,"column":24},"end":{"line":17,"column":1}}},"1":{"name":"getItems","decl":{"start":{"line":19,"column":15},"end":{"line":19,"column":23}},"loc":{"start":{"line":19,"column":23},"end":{"line":22,"column":null}}},"2":{"name":"getItemsFromUser","decl":{"start":{"line":24,"column":15},"end":{"line":24,"column":31}},"loc":{"start":{"line":24,"column":43},"end":{"line":29,"column":null}}},"3":{"name":"addItem","decl":{"start":{"line":31,"column":15},"end":{"line":31,"column":22}},"loc":{"start":{"line":31,"column":32},"end":{"line":36,"column":null}}},"4":{"name":"findItemByName","decl":{"start":{"line":38,"column":15},"end":{"line":38,"column":29}},"loc":{"start":{"line":38,"column":39},"end":{"line":41,"column":null}}},"5":{"name":"deleteItem","decl":{"start":{"line":43,"column":15},"end":{"line":43,"column":25}},"loc":{"start":{"line":43,"column":33},"end":{"line":46,"column":null}}},"6":{"name":"updateItem","decl":{"start":{"line":48,"column":15},"end":{"line":48,"column":25}},"loc":{"start":{"line":48,"column":47},"end":{"line":54,"column":null}}}},"branchMap":{"0":{"loc":{"start":{"line":7,"column":1},"end":{"line":15,"column":2}},"type":"if","locations":[{"start":{"line":7,"column":1},"end":{"line":15,"column":2}}]}},"s":{"0":1,"1":1,"2":0,"3":0,"4":0,"5":0,"6":0,"7":0,"8":0,"9":0,"10":0,"11":0,"12":0,"13":0,"14":0,"15":0,"16":0,"17":0,"18":0,"19":0,"20":0,"21":1,"22":1,"23":1,"24":1,"25":1,"26":1},"f":{"0":0,"1":0,"2":0,"3":0,"4":0,"5":0,"6":0},"b":{"0":[0]}}
,"C:\\Users\\adamt\\OneDrive\\Documents\\Cal Poly SLO\\CSC 308\\ImmaculateInventors\\express-backend\\models\\item.tsx": {"path":"C:\\Users\\adamt\\OneDrive\\Documents\\Cal Poly SLO\\CSC 308\\ImmaculateInventors\\express-backend\\models\\item.tsx","statementMap":{"0":{"start":{"line":1,"column":17},"end":{"line":1,"column":36}},"1":{"start":{"line":2,"column":15},"end":{"line":2,"column":30}},"2":{"start":{"line":3,"column":17},"end":{"line":3,"column":32}},"3":{"start":{"line":5,"column":19},"end":{"line":28,"column":null}},"4":{"start":{"line":33,"column":0},"end":{"line":33,"column":28}}},"fnMap":{},"branchMap":{},"s":{"0":1,"1":1,"2":1,"3":1,"4":1},"f":{},"b":{}}
,"C:\\Users\\adamt\\OneDrive\\Documents\\Cal Poly SLO\\CSC 308\\ImmaculateInventors\\express-backend\\models\\user-services.tsx": {"path":"C:\\Users\\adamt\\OneDrive\\Documents\\Cal Poly SLO\\CSC 308\\ImmaculateInventors\\express-backend\\models\\user-services.tsx","statementMap":{"0":{"start":{"line":1,"column":17},"end":{"line":1,"column":36}},"1":{"start":{"line":2,"column":19},"end":{"line":2,"column":40}},"2":{"start":{"line":3,"column":19},"end":{"line":3,"column":40}},"3":{"start":{"line":4,"column":21},"end":{"line":4,"column":51}},"4":{"start":{"line":5,"column":15},"end":{"line":5,"column":32}},"5":{"start":{"line":10,"column":1},"end":{"line":18,"column":2}},"6":{"start":{"line":11,"column":2},"end":{"line":17,"column":4}},"7":{"start":{"line":19,"column":1},"end":{"line":19,"column":21}},"8":{"start":{"line":23,"column":19},"end":{"line":23,"column":49}},"9":{"start":{"line":25,"column":1},"end":{"line":29,"column":2}},"10":{"start":{"line":26,"column":2},"end":{"line":26,"column":34}},"11":{"start":{"line":28,"column":2},"end":{"line":28,"column":65}},"12":{"start":{"line":30,"column":1},"end":{"line":30,"column":15}},"13":{"start":{"line":38,"column":1},"end":{"line":43,"column":2}},"14":{"start":{"line":39,"column":2},"end":{"line":39,"column":44}},"15":{"start":{"line":41,"column":2},"end":{"line":41,"column":21}},"16":{"start":{"line":42,"column":2},"end":{"line":42,"column":19}},"17":{"start":{"line":48,"column":19},"end":{"line":48,"column":49}},"18":{"start":{"line":49,"column":1},"end":{"line":73,"column":2}},"19":{"start":{"line":56,"column":20},"end":{"line":56,"column":39}},"20":{"start":{"line":57,"column":20},"end":{"line":57,"column":42}},"21":{"start":{"line":58,"column":2},"end":{"line":58,"column":19}},"22":{"start":{"line":60,"column":2},"end":{"line":69,"column":3}},"23":{"start":{"line":61,"column":24},"end":{"line":63,"column":18}},"24":{"start":{"line":64,"column":3},"end":{"line":64,"column":29}},"25":{"start":{"line":65,"column":3},"end":{"line":65,"column":49}},"26":{"start":{"line":67,"column":3},"end":{"line":67,"column":22}},"27":{"start":{"line":68,"column":3},"end":{"line":68,"column":67}},"28":{"start":{"line":77,"column":19},"end":{"line":77,"column":49}},"29":{"start":{"line":78,"column":1},"end":{"line":84,"column":2}},"30":{"start":{"line":79,"column":2},"end":{"line":79,"column":34}},"31":{"start":{"line":80,"column":2},"end":{"line":80,"column":14}},"32":{"start":{"line":82,"column":2},"end":{"line":82,"column":21}},"33":{"start":{"line":83,"column":2},"end":{"line":83,"column":15}},"34":{"start":{"line":89,"column":19},"end":{"line":89,"column":49}},"35":{"start":{"line":90,"column":19},"end":{"line":90,"column":49}},"36":{"start":{"line":92,"column":14},"end":{"line":92,"column":47}},"37":{"start":{"line":94,"column":1},"end":{"line":94,"column":17}},"38":{"start":{"line":95,"column":1},"end":{"line":95,"column":38}},"39":{"start":{"line":95,"column":11},"end":{"line":95,"column":38}},"40":{"start":{"line":96,"column":19},"end":{"line":96,"column":57}},"41":{"start":{"line":97,"column":1},"end":{"line":97,"column":37}},"42":{"start":{"line":97,"column":16},"end":{"line":97,"column":37}},"43":{"start":{"line":100,"column":21},"end":{"line":102,"column":3}},"44":{"start":{"line":103,"column":1},"end":{"line":103,"column":20}},"45":{"start":{"line":107,"column":19},"end":{"line":107,"column":49}},"46":{"start":{"line":108,"column":19},"end":{"line":108,"column":49}},"47":{"start":{"line":109,"column":14},"end":{"line":109,"column":46}},"48":{"start":{"line":110,"column":1},"end":{"line":110,"column":38}},"49":{"start":{"line":110,"column":11},"end":{"line":110,"column":38}},"50":{"start":{"line":111,"column":18},"end":{"line":111,"column":57}},"51":{"start":{"line":112,"column":1},"end":{"line":112,"column":41}},"52":{"start":{"line":112,"column":15},"end":{"line":112,"column":41}},"53":{"start":{"line":113,"column":1},"end":{"line":113,"column":46}},"54":{"start":{"line":117,"column":19},"end":{"line":117,"column":49}},"55":{"start":{"line":118,"column":19},"end":{"line":118,"column":49}},"56":{"start":{"line":119,"column":14},"end":{"line":119,"column":46}},"57":{"start":{"line":120,"column":1},"end":{"line":120,"column":38}},"58":{"start":{"line":120,"column":11},"end":{"line":120,"column":38}},"59":{"start":{"line":121,"column":18},"end":{"line":121,"column":57}},"60":{"start":{"line":122,"column":1},"end":{"line":122,"column":41}},"61":{"start":{"line":122,"column":15},"end":{"line":122,"column":41}},"62":{"start":{"line":123,"column":21},"end":{"line":125,"column":3}},"63":{"start":{"line":135,"column":19},"end":{"line":135,"column":49}},"64":{"start":{"line":136,"column":19},"end":{"line":136,"column":49}},"65":{"start":{"line":137,"column":14},"end":{"line":137,"column":46}},"66":{"start":{"line":138,"column":1},"end":{"line":157,"column":2}},"67":{"start":{"line":139,"column":18},"end":{"line":141,"column":4}},"68":{"start":{"line":142,"column":2},"end":{"line":142,"column":17}},"69":{"start":{"line":144,"column":19},"end":{"line":144,"column":51}},"70":{"start":{"line":145,"column":2},"end":{"line":156,"column":3}},"71":{"start":{"line":146,"column":23},"end":{"line":148,"column":5}},"72":{"start":{"line":149,"column":19},"end":{"line":149,"column":56}},"73":{"start":{"line":150,"column":3},"end":{"line":150,"column":18}},"74":{"start":{"line":152,"column":19},"end":{"line":154,"column":5}},"75":{"start":{"line":155,"column":3},"end":{"line":155,"column":18}},"76":{"start":{"line":161,"column":19},"end":{"line":161,"column":49}},"77":{"start":{"line":162,"column":1},"end":{"line":162,"column":53}},"78":{"start":{"line":166,"column":19},"end":{"line":166,"column":49}},"79":{"start":{"line":167,"column":1},"end":{"line":167,"column":73}},"80":{"start":{"line":171,"column":1},"end":{"line":171,"column":38}},"81":{"start":{"line":172,"column":19},"end":{"line":172,"column":49}},"82":{"start":{"line":173,"column":1},"end":{"line":178,"column":2}},"83":{"start":{"line":174,"column":2},"end":{"line":174,"column":57}},"84":{"start":{"line":174,"column":45},"end":{"line":174,"column":57}},"85":{"start":{"line":176,"column":2},"end":{"line":176,"column":21}},"86":{"start":{"line":177,"column":2},"end":{"line":177,"column":15}},"87":{"start":{"line":180,"column":0},"end":{"line":180,"column":42}},"88":{"start":{"line":181,"column":0},"end":{"line":181,"column":28}},"89":{"start":{"line":182,"column":0},"end":{"line":182,"column":36}},"90":{"start":{"line":183,"column":0},"end":{"line":183,"column":26}},"91":{"start":{"line":184,"column":0},"end":{"line":184,"column":26}},"92":{"start":{"line":185,"column":0},"end":{"line":185,"column":38}},"93":{"start":{"line":186,"column":0},"end":{"line":186,"column":42}},"94":{"start":{"line":187,"column":0},"end":{"line":187,"column":48}},"95":{"start":{"line":188,"column":0},"end":{"line":188,"column":48}},"96":{"start":{"line":189,"column":0},"end":{"line":189,"column":48}},"97":{"start":{"line":190,"column":0},"end":{"line":190,"column":54}},"98":{"start":{"line":191,"column":0},"end":{"line":191,"column":40}}},"fnMap":{"0":{"name":"getDbConnection","decl":{"start":{"line":9,"column":15},"end":{"line":9,"column":30}},"loc":{"start":{"line":9,"column":30},"end":{"line":20,"column":null}}},"1":{"name":"getUsers","decl":{"start":{"line":22,"column":15},"end":{"line":22,"column":23}},"loc":{"start":{"line":22,"column":65},"end":{"line":31,"column":null}}},"2":{"name":"findUserById","decl":{"start":{"line":37,"column":15},"end":{"line":37,"column":27}},"loc":{"start":{"line":37,"column":46},"end":{"line":44,"column":null}}},"3":{"name":"addUser","decl":{"start":{"line":46,"column":15},"end":{"line":46,"column":22}},"loc":{"start":{"line":46,"column":43},"end":{"line":74,"column":null}}},"4":{"name":"delUser","decl":{"start":{"line":76,"column":15},"end":{"line":76,"column":22}},"loc":{"start":{"line":76,"column":43},"end":{"line":85,"column":null}}},"5":{"name":"addItemToUser","decl":{"start":{"line":87,"column":15},"end":{"line":87,"column":28}},"loc":{"start":{"line":87,"column":66},"end":{"line":104,"column":null}}},"6":{"name":"getItemFromUser","decl":{"start":{"line":106,"column":15},"end":{"line":106,"column":30}},"loc":{"start":{"line":106,"column":66},"end":{"line":114,"column":null}}},"7":{"name":"deleteItemFromUser","decl":{"start":{"line":116,"column":15},"end":{"line":116,"column":33}},"loc":{"start":{"line":116,"column":69},"end":{"line":126,"column":null}}},"8":{"name":"updateItemFromUser","decl":{"start":{"line":128,"column":15},"end":{"line":128,"column":33}},"loc":{"start":{"line":133,"column":10},"end":{"line":158,"column":null}}},"9":{"name":"findUserByUsername","decl":{"start":{"line":160,"column":15},"end":{"line":160,"column":33}},"loc":{"start":{"line":160,"column":58},"end":{"line":163,"column":null}}},"10":{"name":"findUserByUserAndPass","decl":{"start":{"line":165,"column":15},"end":{"line":165,"column":36}},"loc":{"start":{"line":165,"column":76},"end":{"line":168,"column":null}}},"11":{"name":"deleteUserById","decl":{"start":{"line":170,"column":15},"end":{"line":170,"column":29}},"loc":{"start":{"line":170,"column":48},"end":{"line":179,"column":null}}}},"branchMap":{"0":{"loc":{"start":{"line":10,"column":1},"end":{"line":18,"column":2}},"type":"if","locations":[{"start":{"line":10,"column":1},"end":{"line":18,"column":2}}]},"1":{"loc":{"start":{"line":25,"column":1},"end":{"line":29,"column":2}},"type":"if","locations":[{"start":{"line":25,"column":1},"end":{"line":29,"column":2}},{"start":{"line":27,"column":8},"end":{"line":29,"column":2}}]},"2":{"loc":{"start":{"line":25,"column":5},"end":{"line":25,"column":27}},"type":"binary-expr","locations":[{"start":{"line":25,"column":5},"end":{"line":25,"column":14}},{"start":{"line":25,"column":18},"end":{"line":25,"column":27}}]},"3":{"loc":{"start":{"line":60,"column":2},"end":{"line":69,"column":3}},"type":"if","locations":[{"start":{"line":60,"column":2},"end":{"line":69,"column":3}},{"start":{"line":66,"column":9},"end":{"line":69,"column":3}}]},"4":{"loc":{"start":{"line":61,"column":24},"end":{"line":63,"column":18}},"type":"cond-expr","locations":[{"start":{"line":62,"column":6},"end":{"line":62,"column":35}},{"start":{"line":63,"column":6},"end":{"line":63,"column":18}}]},"5":{"loc":{"start":{"line":95,"column":1},"end":{"line":95,"column":38}},"type":"if","locations":[{"start":{"line":95,"column":1},"end":{"line":95,"column":38}}]},"6":{"loc":{"start":{"line":97,"column":1},"end":{"line":97,"column":37}},"type":"if","locations":[{"start":{"line":97,"column":1},"end":{"line":97,"column":37}}]},"7":{"loc":{"start":{"line":110,"column":1},"end":{"line":110,"column":38}},"type":"if","locations":[{"start":{"line":110,"column":1},"end":{"line":110,"column":38}}]},"8":{"loc":{"start":{"line":112,"column":1},"end":{"line":112,"column":41}},"type":"if","locations":[{"start":{"line":112,"column":1},"end":{"line":112,"column":41}}]},"9":{"loc":{"start":{"line":120,"column":1},"end":{"line":120,"column":38}},"type":"if","locations":[{"start":{"line":120,"column":1},"end":{"line":120,"column":38}}]},"10":{"loc":{"start":{"line":122,"column":1},"end":{"line":122,"column":41}},"type":"if","locations":[{"start":{"line":122,"column":1},"end":{"line":122,"column":41}}]},"11":{"loc":{"start":{"line":138,"column":1},"end":{"line":157,"column":2}},"type":"if","locations":[{"start":{"line":138,"column":1},"end":{"line":157,"column":2}},{"start":{"line":143,"column":8},"end":{"line":157,"column":2}}]},"12":{"loc":{"start":{"line":145,"column":2},"end":{"line":156,"column":3}},"type":"if","locations":[{"start":{"line":145,"column":2},"end":{"line":156,"column":3}},{"start":{"line":151,"column":9},"end":{"line":156,"column":3}}]},"13":{"loc":{"start":{"line":174,"column":2},"end":{"line":174,"column":57}},"type":"if","locations":[{"start":{"line":174,"column":2},"end":{"line":174,"column":57}}]}},"s":{"0":1,"1":1,"2":1,"3":1,"4":1,"5":1,"6":1,"7":1,"8":2,"9":2,"10":1,"11":1,"12":2,"13":0,"14":0,"15":0,"16":0,"17":0,"18":0,"19":0,"20":0,"21":0,"22":0,"23":0,"24":0,"25":0,"26":0,"27":0,"28":0,"29":0,"30":0,"31":0,"32":0,"33":0,"34":0,"35":0,"36":0,"37":0,"38":0,"39":0,"40":0,"41":0,"42":0,"43":0,"44":0,"45":0,"46":0,"47":0,"48":0,"49":0,"50":0,"51":0,"52":0,"53":0,"54":0,"55":0,"56":0,"57":0,"58":0,"59":0,"60":0,"61":0,"62":0,"63":0,"64":0,"65":0,"66":0,"67":0,"68":0,"69":0,"70":0,"71":0,"72":0,"73":0,"74":0,"75":0,"76":0,"77":0,"78":1,"79":1,"80":0,"81":0,"82":0,"83":0,"84":0,"85":0,"86":0,"87":1,"88":1,"89":1,"90":1,"91":1,"92":1,"93":1,"94":1,"95":1,"96":1,"97":1,"98":1},"f":{"0":1,"1":2,"2":0,"3":0,"4":0,"5":0,"6":0,"7":0,"8":0,"9":0,"10":1,"11":0},"b":{"0":[1],"1":[1,1],"2":[2,1],"3":[0,0],"4":[0,0],"5":[0],"6":[0],"7":[0],"8":[0],"9":[0],"10":[0],"11":[0,0],"12":[0,0],"13":[0]}}
,"C:\\Users\\adamt\\OneDrive\\Documents\\Cal Poly SLO\\CSC 308\\ImmaculateInventors\\express-backend\\models\\user.tsx": {"path":"C:\\Users\\adamt\\OneDrive\\Documents\\Cal Poly SLO\\CSC 308\\ImmaculateInventors\\express-backend\\models\\user.tsx","statementMap":{"0":{"start":{"line":1,"column":17},"end":{"line":1,"column":36}},"1":{"start":{"line":2,"column":15},"end":{"line":2,"column":30}},"2":{"start":{"line":3,"column":17},"end":{"line":3,"column":32}},"3":{"start":{"line":4,"column":13},"end":{"line":4,"column":34}},"4":{"start":{"line":6,"column":19},"end":{"line":70,"column":null}},"5":{"start":{"line":54,"column":28},"end":{"line":54,"column":74}},"6":{"start":{"line":55,"column":5},"end":{"line":55,"column":39}},"7":{"start":{"line":58,"column":5},"end":{"line":58,"column":110}},"8":{"start":{"line":73,"column":0},"end":{"line":73,"column":28}}},"fnMap":{"0":{"name":"(anonymous_0)","decl":{"start":{"line":53,"column":15},"end":{"line":53,"column":25}},"loc":{"start":{"line":53,"column":35},"end":{"line":56,"column":5}}},"1":{"name":"(anonymous_1)","decl":{"start":{"line":57,"column":13},"end":{"line":57,"column":14}},"loc":{"start":{"line":58,"column":5},"end":{"line":58,"column":110}}}},"branchMap":{},"s":{"0":1,"1":1,"2":1,"3":1,"4":1,"5":0,"6":0,"7":0,"8":1},"f":{"0":0,"1":0},"b":{}}
}
