TN:
SF:models\item-services.tsx
FN:6,getDbConnection
FN:19,getItems
FN:24,getItemsFromUser
FN:31,addItem
FN:38,findItemByName
FN:43,deleteItem
FN:48,updateItem
FNF:7
FNH:7
FNDA:1,getDbConnection
FNDA:1,getItems
FNDA:1,getItemsFromUser
FNDA:1,addItem
FNDA:1,findItemByName
FNDA:1,deleteItem
FNDA:1,updateItem
DA:1,2
DA:2,2
DA:7,1
DA:8,1
DA:16,1
DA:20,1
DA:21,1
DA:25,1
DA:27,1
DA:28,1
DA:32,1
DA:33,1
DA:34,1
DA:35,1
DA:39,1
DA:40,1
DA:44,1
DA:45,1
DA:49,1
DA:50,1
DA:53,1
DA:60,2
DA:61,2
DA:62,2
DA:63,2
DA:64,2
DA:65,2
DA:66,2
LF:28
LH:28
BRDA:7,0,0,1
BRF:1
BRH:1
end_of_record
TN:
SF:models\item.tsx
FNF:0
FNH:0
DA:1,2
DA:2,2
DA:3,2
DA:5,2
DA:33,2
LF:5
LH:5
BRF:0
BRH:0
end_of_record
TN:
SF:models\user-services.tsx
FN:9,getDbConnection
FN:22,getUsers
FN:37,findUserById
FN:46,addUser
FN:75,delUser
FN:86,addItemToUser
FN:105,getItemFromUser
FN:115,deleteItemFromUser
FN:127,updateItemFromUser
FN:159,findUserByUsername
FN:164,findUserByUserAndPass
FN:169,deleteUserById
FNF:12
FNH:3
FNDA:1,getDbConnection
FNDA:2,getUsers
FNDA:0,findUserById
FNDA:0,addUser
FNDA:0,delUser
FNDA:0,addItemToUser
FNDA:0,getItemFromUser
FNDA:0,deleteItemFromUser
FNDA:0,updateItemFromUser
FNDA:0,findUserByUsername
FNDA:1,findUserByUserAndPass
FNDA:0,deleteUserById
DA:1,1
DA:2,1
DA:3,1
DA:4,1
DA:5,1
DA:10,1
DA:11,1
DA:19,1
DA:23,2
DA:25,2
DA:26,1
DA:28,1
DA:30,2
DA:38,0
DA:39,0
DA:41,0
DA:42,0
DA:48,0
DA:49,0
DA:56,0
DA:57,0
DA:58,0
DA:60,0
DA:61,0
DA:62,0
DA:65,0
DA:66,0
DA:68,0
DA:76,0
DA:77,0
DA:78,0
DA:79,0
DA:81,0
DA:82,0
DA:88,0
DA:89,0
DA:91,0
DA:93,0
DA:94,0
DA:95,0
DA:96,0
DA:99,0
DA:102,0
DA:106,0
DA:107,0
DA:108,0
DA:109,0
DA:110,0
DA:111,0
DA:112,0
DA:116,0
DA:117,0
DA:118,0
DA:119,0
DA:120,0
DA:121,0
DA:122,0
DA:134,0
DA:135,0
DA:136,0
DA:137,0
DA:138,0
DA:141,0
DA:143,0
DA:144,0
DA:145,0
DA:148,0
DA:149,0
DA:151,0
DA:154,0
DA:160,0
DA:161,0
DA:165,1
DA:166,1
DA:170,0
DA:171,0
DA:172,0
DA:173,0
DA:175,0
DA:176,0
DA:179,1
DA:180,1
DA:181,1
DA:182,1
DA:183,1
DA:184,1
DA:185,1
DA:186,1
DA:187,1
DA:188,1
DA:189,1
DA:190,1
LF:92
LH:27
BRDA:10,0,0,1
BRDA:25,1,0,1
BRDA:25,1,1,1
BRDA:25,2,0,2
BRDA:25,2,1,1
BRDA:61,3,0,0
BRDA:61,3,1,0
BRDA:62,4,0,0
BRDA:62,4,1,0
BRDA:94,5,0,0
BRDA:96,6,0,0
BRDA:109,7,0,0
BRDA:111,8,0,0
BRDA:119,9,0,0
BRDA:121,10,0,0
BRDA:137,11,0,0
BRDA:137,11,1,0
BRDA:144,12,0,0
BRDA:144,12,1,0
BRDA:173,13,0,0
BRF:20
BRH:5
end_of_record
TN:
SF:models\user.tsx
FN:53,(anonymous_0)
FN:57,(anonymous_1)
FNF:2
FNH:0
FNDA:0,(anonymous_0)
FNDA:0,(anonymous_1)
DA:1,1
DA:2,1
DA:3,1
DA:4,1
DA:6,1
DA:54,0
DA:55,0
DA:58,0
DA:73,1
LF:9
LH:6
BRF:0
BRH:0
end_of_record
