TN:
SF:models\folder.tsx
FNF:0
FNH:0
DA:1,2
DA:3,2
DA:29,2
DA:31,2
DA:32,2
LF:5
LH:5
BRF:0
BRH:0
end_of_record
TN:
SF:models\item-services.tsx
FN:11,setConnection
FN:16,getDbConnection
FN:32,getItems
FN:37,getUserId
FN:43,getItemsFromUser
FN:48,addItem
FN:65,findItemByName
FN:79,findItemById
FN:84,deleteItem
FN:100,updateItem
FN:108,incQuantity
FN:116,decQuantity
FNF:12
FNH:12
FNDA:2,setConnection
FNDA:19,getDbConnection
FNDA:1,getItems
FNDA:1,getUserId
FNDA:1,getItemsFromUser
FNDA:1,addItem
FNDA:1,findItemByName
FNDA:1,findItemById
FNDA:2,deleteItem
FNDA:1,updateItem
FNDA:1,incQuantity
FNDA:2,decQuantity
DA:1,2
DA:2,2
DA:3,2
DA:4,2
DA:5,2
DA:6,2
DA:7,2
DA:12,2
DA:13,2
DA:17,19
DA:18,1
DA:23,19
DA:26,2
DA:27,2
DA:33,1
DA:34,1
DA:38,1
DA:39,1
DA:40,1
DA:44,1
DA:45,1
DA:49,1
DA:50,1
DA:51,1
DA:52,1
DA:53,1
DA:54,1
DA:55,1
DA:58,1
DA:61,1
DA:62,1
DA:73,1
DA:74,1
DA:80,1
DA:81,1
DA:85,2
DA:86,2
DA:87,2
DA:88,2
DA:89,2
DA:90,2
DA:91,2
DA:94,2
DA:97,2
DA:101,1
DA:102,1
DA:105,1
DA:109,1
DA:110,1
DA:113,1
DA:117,2
DA:118,2
DA:119,2
DA:120,1
DA:122,1
DA:125,1
DA:127,1
DA:130,2
DA:131,2
DA:132,2
DA:133,2
DA:134,2
DA:135,2
DA:136,2
DA:137,2
DA:138,2
DA:139,2
DA:140,2
DA:141,2
LF:69
LH:69
BRDA:17,0,0,1
BRDA:119,1,0,1
BRDA:119,1,1,1
BRF:3
BRH:3
end_of_record
TN:
SF:models\item.tsx
FNF:0
FNH:0
DA:1,2
DA:3,2
DA:44,2
DA:46,2
DA:47,2
LF:5
LH:5
BRF:0
BRH:0
end_of_record
TN:
SF:models\refreshTokens-services.tsx
FN:8,setConnection
FN:13,getDbConnection
FN:29,getRefreshToken
FN:38,addRefreshToken
FN:48,deleteRefreshToken
FNF:5
FNH:5
FNDA:1,setConnection
FNDA:7,getDbConnection
FNDA:2,getRefreshToken
FNDA:3,addRefreshToken
FNDA:1,deleteRefreshToken
DA:1,1
DA:2,1
DA:3,1
DA:4,1
DA:9,1
DA:10,1
DA:14,7
DA:15,1
DA:20,7
DA:23,1
DA:24,1
DA:30,2
DA:34,2
DA:35,2
DA:39,3
DA:43,3
DA:44,3
DA:45,3
DA:49,1
DA:53,1
DA:56,1
DA:59,1
DA:60,1
DA:61,1
DA:62,1
DA:63,1
LF:26
LH:26
BRDA:14,0,0,1
BRF:1
BRH:1
end_of_record
TN:
SF:models\refreshTokens.tsx
FNF:0
FNH:0
DA:1,1
DA:3,1
DA:12,1
DA:14,1
DA:15,1
LF:5
LH:5
BRF:0
BRH:0
end_of_record
TN:
SF:models\user-services.tsx
FN:10,setConnection
FN:15,getDbConnection
FN:31,getUsers
FN:36,findUserById
FN:45,getFolders
FN:51,addFolder
FN:67,getFolderContents
FN:75,sortByQuantity
FN:83,deleteFolder
FN:107,addItemToFolder
FN:124,deleteItemFromFolder
FN:139,updateFolderName
FN:149,addUser
FN:170,delUser
FN:181,addItemToUser
FN:200,getItemFromUser
FN:208,deleteItemFromUser
FN:220,updateItemFromUser
FN:251,findUserByUsername
FN:257,findUserByUserAndPass
FN:266,deleteUserById
FN:276,sortByQuantityAsc
FN:284,sortByQuantityDes
FN:292,sortByDateAsc
FN:298,sortByDateDes
FN:304,sortByNameAsc
FN:310,sortByNameDes
FNF:27
FNH:23
FNDA:2,setConnection
FNDA:42,getDbConnection
FNDA:1,getUsers
FNDA:1,findUserById
FNDA:1,getFolders
FNDA:1,addFolder
FNDA:1,getFolderContents
FNDA:0,sortByQuantity
FNDA:1,deleteFolder
FNDA:1,addItemToFolder
FNDA:1,deleteItemFromFolder
FNDA:1,updateFolderName
FNDA:3,addUser
FNDA:1,delUser
FNDA:5,addItemToUser
FNDA:1,getItemFromUser
FNDA:1,deleteItemFromUser
FNDA:2,updateItemFromUser
FNDA:2,findUserByUsername
FNDA:1,findUserByUserAndPass
FNDA:1,deleteUserById
FNDA:1,sortByQuantityAsc
FNDA:1,sortByQuantityDes
FNDA:1,sortByDateAsc
FNDA:0,sortByDateDes
FNDA:0,sortByNameAsc
FNDA:0,sortByNameDes
DA:1,1
DA:2,1
DA:3,1
DA:4,1
DA:5,1
DA:6,1
DA:7,1
DA:11,2
DA:12,2
DA:16,42
DA:17,1
DA:22,42
DA:25,1
DA:26,1
DA:32,1
DA:33,1
DA:37,1
DA:38,1
DA:41,0
DA:46,1
DA:47,1
DA:48,1
DA:52,1
DA:53,1
DA:54,1
DA:55,1
DA:60,1
DA:61,1
DA:64,1
DA:68,1
DA:70,1
DA:72,1
DA:76,0
DA:77,0
DA:80,0
DA:84,1
DA:85,1
DA:86,1
DA:87,1
DA:88,1
DA:91,1
DA:92,1
DA:108,1
DA:109,1
DA:110,1
DA:116,1
DA:121,1
DA:125,1
DA:126,1
DA:127,1
DA:128,1
DA:131,1
DA:136,1
DA:140,1
DA:141,1
DA:146,1
DA:151,3
DA:152,3
DA:153,3
DA:154,3
DA:155,1
DA:157,2
DA:158,2
DA:162,2
DA:165,0
DA:171,1
DA:172,1
DA:173,1
DA:174,1
DA:177,0
DA:182,5
DA:183,5
DA:186,5
DA:188,5
DA:190,5
DA:194,5
DA:197,5
DA:201,1
DA:202,1
DA:203,1
DA:204,1
DA:205,1
DA:209,1
DA:210,1
DA:212,1
DA:214,1
DA:217,1
DA:226,2
DA:227,2
DA:228,2
DA:229,2
DA:230,1
DA:233,1
DA:235,1
DA:236,1
DA:237,0
DA:240,0
DA:241,0
DA:243,1
DA:246,1
DA:252,2
DA:253,2
DA:254,2
DA:258,1
DA:259,1
DA:263,1
DA:267,1
DA:268,1
DA:269,1
DA:272,0
DA:277,1
DA:278,1
DA:281,1
DA:285,1
DA:286,1
DA:289,1
DA:293,1
DA:294,1
DA:295,1
DA:299,0
DA:300,0
DA:301,0
DA:305,0
DA:306,0
DA:307,0
DA:311,0
DA:312,0
DA:313,0
DA:316,1
DA:317,1
DA:318,1
DA:319,1
DA:320,1
DA:321,1
DA:322,1
DA:323,1
DA:324,1
DA:325,1
DA:326,1
DA:327,1
DA:328,1
DA:329,1
DA:330,1
DA:331,1
DA:332,1
DA:333,1
DA:334,1
DA:335,1
DA:336,1
DA:337,1
DA:338,1
DA:339,1
DA:340,1
DA:341,1
LF:154
LH:135
BRDA:16,0,0,1
BRDA:157,1,0,2
BRDA:157,1,1,0
BRDA:158,2,0,1
BRDA:158,2,1,1
BRDA:229,3,0,1
BRDA:229,3,1,1
BRDA:236,4,0,0
BRDA:236,4,1,1
BRDA:269,5,0,1
BRF:10
BRH:8
end_of_record
TN:
SF:models\user.tsx
FN:57,(anonymous_8)
FN:61,(anonymous_9)
FN:88,(anonymous_10)
FNF:3
FNH:3
FNDA:23,(anonymous_8)
FNDA:3,(anonymous_9)
FNDA:19,(anonymous_10)
DA:2,2
DA:3,2
DA:5,2
DA:6,2
DA:9,2
DA:58,23
DA:59,23
DA:62,3
DA:88,2
DA:90,19
DA:92,19
DA:93,19
DA:94,19
DA:95,19
DA:96,19
DA:98,0
DA:102,2
DA:104,2
DA:105,2
LF:19
LH:18
BRDA:90,0,0,0
BRF:1
BRH:0
end_of_record
